<?xml version="1.0" encoding="UTF-8"?>
<!-- Generated by org.testng.reporters.JUnitXMLReporter -->
<testsuite ignored="0" hostname="Krishnas-MacBook-Air.local" failures="0" tests="2" name="End to end framework test" time="40.839" errors="0" timestamp="27 Sept 2024 00:38:46 GMT">
  <testcase classname="org.rahulshettyacademy.eCommerce_tc_4_Hybrid" name="FillForm" time="14.163"/>
  <testcase classname="org.rahulshettyacademy.eCommerce_tc_4_Hybrid" name="FillForm" time="13.994"/>
</testsuite> <!-- End to end framework test -->
