<?xml version="1.0" encoding="UTF-8"?>
<!-- Generated by org.testng.reporters.JUnitXMLReporter -->
<testsuite ignored="0" hostname="Krishnas-MacBook-Air.local" failures="0" tests="2" name="Error validation test" time="20.025" errors="0" timestamp="27 Sep 2024 03:20:46 GMT">
  <testcase classname="org.rahulshettyacademy.TestUtils.AndroidBaseTest" name="@BeforeClass configureAppium" time="20.012">
    <failure type="io.appium.java_client.service.local.AppiumServerHasNotBeenStartedLocallyException" message="[The local appium server has not been started, Reason: Timed out waiting for [http://234.232.20.8:4723/status] to be available after 20006 ms, Consider increasing the server startup timeout value (currently 20000ms), Node.js executable path: /usr/local/bin/node, Arguments: [/usr/local/lib/node_modules/appium/build/lib/main.js, --port, 4723, --address, 234.232.20.8], Output: [38;5;112m[Appium][0m Welcome to Appium v2.11.3
[38;5;112m[Appium][0m Non-default server args:
[38;5;112m[Appium][0m { address: [32m&amp;apos;234.232.20.8&amp;apos;[39m }
[38;5;112m[Appium][0m The autodetected Appium home path: /Users/krishnabros/.appium
[38;5;112m[Appium][0m Attempting to load driver uiautomator2...
[38;5;112m[Appium][0m Attempting to load driver xcuitest...
[38;5;112m[Appium][0m Requiring driver at /Users/krishnabros/.appium/node_modules/appium-xcuitest-driver/build/index.js
[38;5;112m[Appium][0m Requiring driver at /Users/krishnabros/.appium/node_modules/appium-uiautomator2-driver/build/index.js
[38;5;112m[Appium][0m XCUITestDriver has been successfully loaded in 0.800s
[38;5;112m[Appium][0m AndroidUiautomator2Driver has been successfully loaded in 0.800s
[38;5;86m[HTTP][0m Could not start REST http interface listener. The requested port may already be in use. Please make sure there is no other instance of this server running already.
[38;5;112m[Appium][0m Could not configure Appium server. It&amp;apos;s possible that a driver or plugin tried to update the server and failed. Original error: listen EINVAL: invalid argument 234.232.20.8:4723
[38;5;112m[Appium][0m Error: listen EINVAL: invalid argument 234.232.20.8:4723
    at Server.setupListenHandle [as _listen2] (node:net:1882:21)
    at listenInCluster (node:net:1961:12)
    at doListen (node:net:2135:7)
    at processTicksAndRejections (node:internal/process/task_queues:83:21)
]">
      <![CDATA[io.appium.java_client.service.local.AppiumServerHasNotBeenStartedLocallyException: [The local appium server has not been started, Reason: Timed out waiting for [http://234.232.20.8:4723/status] to be available after 20006 ms, Consider increasing the server startup timeout value (currently 20000ms), Node.js executable path: /usr/local/bin/node, Arguments: [/usr/local/lib/node_modules/appium/build/lib/main.js, --port, 4723, --address, 234.232.20.8], Output: [38;5;112m[Appium][0m Welcome to Appium v2.11.3
[38;5;112m[Appium][0m Non-default server args:
[38;5;112m[Appium][0m { address: [32m'234.232.20.8'[39m }
[38;5;112m[Appium][0m The autodetected Appium home path: /Users/krishnabros/.appium
[38;5;112m[Appium][0m Attempting to load driver uiautomator2...
[38;5;112m[Appium][0m Attempting to load driver xcuitest...
[38;5;112m[Appium][0m Requiring driver at /Users/krishnabros/.appium/node_modules/appium-xcuitest-driver/build/index.js
[38;5;112m[Appium][0m Requiring driver at /Users/krishnabros/.appium/node_modules/appium-uiautomator2-driver/build/index.js
[38;5;112m[Appium][0m XCUITestDriver has been successfully loaded in 0.800s
[38;5;112m[Appium][0m AndroidUiautomator2Driver has been successfully loaded in 0.800s
[38;5;86m[HTTP][0m Could not start REST http interface listener. The requested port may already be in use. Please make sure there is no other instance of this server running already.
[38;5;112m[Appium][0m Could not configure Appium server. It's possible that a driver or plugin tried to update the server and failed. Original error: listen EINVAL: invalid argument 234.232.20.8:4723
[38;5;112m[Appium][0m Error: listen EINVAL: invalid argument 234.232.20.8:4723
    at Server.setupListenHandle [as _listen2] (node:net:1882:21)
    at listenInCluster (node:net:1961:12)
    at doListen (node:net:2135:7)
    at processTicksAndRejections (node:internal/process/task_queues:83:21)
]
at io.appium.java_client.service.local.AppiumDriverLocalService.start(AppiumDriverLocalService.java:203)
at org.rahulshettyacademy.utils.AppiumUtils.startAppiumServer(AppiumUtils.java:31)
at org.rahulshettyacademy.TestUtils.AndroidBaseTest.configureAppium(AndroidBaseTest.java:35)
Caused by: org.openqa.selenium.net.UrlChecker$TimeoutException: Timed out waiting for [http://234.232.20.8:4723/status] to be available after 20006 ms
at org.openqa.selenium.net.UrlChecker.waitUntilAvailable(UrlChecker.java:94)
at io.appium.java_client.service.local.AppiumDriverLocalService.ping(AppiumDriverLocalService.java:157)
at io.appium.java_client.service.local.AppiumDriverLocalService.start(AppiumDriverLocalService.java:182)
... 32 more
Caused by: java.util.concurrent.TimeoutException
at java.base/java.util.concurrent.FutureTask.get(FutureTask.java:204)
at org.openqa.selenium.net.UrlChecker.waitUntilAvailable(UrlChecker.java:91)
... 34 more
... Removed 30 stack frames]]>
    </failure>
  </testcase> <!-- @BeforeClass configureAppium -->
  <testcase classname="org.rahulshettyacademy.eCommerce_tc_1" name="@BeforeMethod preSetUp" time="0.0">
    <skipped/>
  </testcase> <!-- @BeforeMethod preSetUp -->
  <testcase classname="org.rahulshettyacademy.eCommerce_tc_1" name="@BeforeMethod preSetUp" time="0.0">
    <skipped/>
  </testcase> <!-- @BeforeMethod preSetUp -->
  <testcase classname="org.rahulshettyacademy.TestUtils.AndroidBaseTest" name="@AfterClass tearDown" time="0.0">
    <failure type="java.lang.NullPointerException" message="Cannot invoke &amp;quot;io.appium.java_client.android.AndroidDriver.quit()&amp;quot; because &amp;quot;this.driver&amp;quot; is null">
      <![CDATA[java.lang.NullPointerException: Cannot invoke "io.appium.java_client.android.AndroidDriver.quit()" because "this.driver" is null
at org.rahulshettyacademy.TestUtils.AndroidBaseTest.tearDown(AndroidBaseTest.java:55)
... Removed 30 stack frames]]>
    </failure>
  </testcase> <!-- @AfterClass tearDown -->
  <testcase classname="org.rahulshettyacademy.eCommerce_tc_1" name="FillForm_ErrorValidation" time="0.0">
    <skipped/>
  </testcase> <!-- FillForm_ErrorValidation -->
  <testcase classname="org.rahulshettyacademy.eCommerce_tc_1" name="FillForm_Positive" time="0.0">
    <skipped/>
  </testcase> <!-- FillForm_Positive -->
</testsuite> <!-- Error validation test -->
