<?xml version="1.0" encoding="UTF-8"?>
<testsuite xmlns:xsi="http://www.w3.org/2001/XMLSchema-instance" xsi:noNamespaceSchemaLocation="https://maven.apache.org/surefire/maven-surefire-plugin/xsd/surefire-test-report.xsd" version="3.0.2" name="TestSuite" time="63.922" tests="13" errors="0" skipped="6" failures="6">
  <properties>
[...]
</properties>
  <testcase name="configureAppium" classname="org.rahulshettyacademy.eCommerce_tc_4_Hybrid" time="20.43">
    <failure message="[The local appium server has not been started, Reason: Timed out waiting for [http://234.232.20.8:4723/status] to be available after 20006 ms, Consider increasing the server startup timeout value (currently 20000ms), Node.js executable path: /usr/local/bin/node, Arguments: [/usr/local/lib/node_modules/appium/build/lib/main.js, --port, 4723, --address, 234.232.20.8], Output: &amp;#27;[38;5;112m[Appium]&amp;#27;[0m Welcome to Appium v2.11.3&#10;&amp;#27;[38;5;112m[Appium]&amp;#27;[0m Non-default server args:&#10;&amp;#27;[38;5;112m[Appium]&amp;#27;[0m { address: &amp;#27;[32m&apos;234.232.20.8&apos;&amp;#27;[39m }&#10;&amp;#27;[38;5;112m[Appium]&amp;#27;[0m The autodetected Appium home path: /Users/krishnabros/.appium&#10;&amp;#27;[38;5;112m[Appium]&amp;#27;[0m Attempting to load driver uiautomator2...&#10;&amp;#27;[38;5;112m[Appium]&amp;#27;[0m Attempting to load driver xcuitest...&#10;&amp;#27;[38;5;112m[Appium]&amp;#27;[0m Requiring driver at /Users/krishnabros/.appium/node_modules/appium-xcuitest-driver/build/index.js&#10;&amp;#27;[38;5;112m[Appium]&amp;#27;[0m Requiring driver at /Users/krishnabros/.appium/node_modules/appium-uiautomator2-driver/build/index.js&#10;&amp;#27;[38;5;112m[Appium]&amp;#27;[0m XCUITestDriver has been successfully loaded in 0.942s&#10;&amp;#27;[38;5;112m[Appium]&amp;#27;[0m AndroidUiautomator2Driver has been successfully loaded in 0.943s&#10;&amp;#27;[38;5;86m[HTTP]&amp;#27;[0m Could not start REST http interface listener. The requested port may already be in use. Please make sure there is no other instance of this server running already.&#10;&amp;#27;[38;5;112m[Appium]&amp;#27;[0m Could not configure Appium server. It&apos;s possible that a driver or plugin tried to update the server and failed. Original error: listen EINVAL: invalid argument 234.232.20.8:4723&#10;&amp;#27;[38;5;112m[Appium]&amp;#27;[0m Error: listen EINVAL: invalid argument 234.232.20.8:4723&#10;    at Server.setupListenHandle [as _listen2] (node:net:1882:21)&#10;    at listenInCluster (node:net:1961:12)&#10;    at doListen (node:net:2135:7)&#10;    at processTicksAndRejections (node:internal/process/task_queues:83:21)&#10;]" type="io.appium.java_client.service.local.AppiumServerHasNotBeenStartedLocallyException"><![CDATA[io.appium.java_client.service.local.AppiumServerHasNotBeenStartedLocallyException: 
[The local appium server has not been started, Reason: Timed out waiting for [http://234.232.20.8:4723/status] to be available after 20006 ms, Consider increasing the server startup timeout value (currently 20000ms), Node.js executable path: /usr/local/bin/node, Arguments: [/usr/local/lib/node_modules/appium/build/lib/main.js, --port, 4723, --address, 234.232.20.8], Output: &amp#27;[38;5;112m[Appium]&amp#27;[0m Welcome to Appium v2.11.3
&amp#27;[38;5;112m[Appium]&amp#27;[0m Non-default server args:
&amp#27;[38;5;112m[Appium]&amp#27;[0m { address: &amp#27;[32m'234.232.20.8'&amp#27;[39m }
&amp#27;[38;5;112m[Appium]&amp#27;[0m The autodetected Appium home path: /Users/krishnabros/.appium
&amp#27;[38;5;112m[Appium]&amp#27;[0m Attempting to load driver uiautomator2...
&amp#27;[38;5;112m[Appium]&amp#27;[0m Attempting to load driver xcuitest...
&amp#27;[38;5;112m[Appium]&amp#27;[0m Requiring driver at /Users/krishnabros/.appium/node_modules/appium-xcuitest-driver/build/index.js
&amp#27;[38;5;112m[Appium]&amp#27;[0m Requiring driver at /Users/krishnabros/.appium/node_modules/appium-uiautomator2-driver/build/index.js
&amp#27;[38;5;112m[Appium]&amp#27;[0m XCUITestDriver has been successfully loaded in 0.942s
&amp#27;[38;5;112m[Appium]&amp#27;[0m AndroidUiautomator2Driver has been successfully loaded in 0.943s
&amp#27;[38;5;86m[HTTP]&amp#27;[0m Could not start REST http interface listener. The requested port may already be in use. Please make sure there is no other instance of this server running already.
&amp#27;[38;5;112m[Appium]&amp#27;[0m Could not configure Appium server. It's possible that a driver or plugin tried to update the server and failed. Original error: listen EINVAL: invalid argument 234.232.20.8:4723
&amp#27;[38;5;112m[Appium]&amp#27;[0m Error: listen EINVAL: invalid argument 234.232.20.8:4723
    at Server.setupListenHandle [as _listen2] (node:net:1882:21)
    at listenInCluster (node:net:1961:12)
    at doListen (node:net:2135:7)
    at processTicksAndRejections (node:internal/process/task_queues:83:21)
]
	at io.appium.java_client.service.local.AppiumDriverLocalService.start(AppiumDriverLocalService.java:203)
	at org.rahulshettyacademy.utils.AppiumUtils.startAppiumServer(AppiumUtils.java:31)
	at org.rahulshettyacademy.TestUtils.AndroidBaseTest.configureAppium(AndroidBaseTest.java:35)
	at java.base/jdk.internal.reflect.NativeMethodAccessorImpl.invoke0(Native Method)
	at java.base/jdk.internal.reflect.NativeMethodAccessorImpl.invoke(NativeMethodAccessorImpl.java:77)
	at java.base/jdk.internal.reflect.DelegatingMethodAccessorImpl.invoke(DelegatingMethodAccessorImpl.java:43)
	at java.base/java.lang.reflect.Method.invoke(Method.java:568)
	at org.testng.internal.MethodInvocationHelper.invokeMethod(MethodInvocationHelper.java:124)
	at org.testng.internal.MethodInvocationHelper.invokeMethodConsideringTimeout(MethodInvocationHelper.java:59)
	at org.testng.internal.Invoker.invokeConfigurationMethod(Invoker.java:458)
	at org.testng.internal.Invoker.invokeConfigurations(Invoker.java:222)
	at org.testng.internal.Invoker.invokeConfigurations(Invoker.java:142)
	at org.testng.internal.TestMethodWorker.invokeBeforeClassMethods(TestMethodWorker.java:168)
	at org.testng.internal.TestMethodWorker.run(TestMethodWorker.java:105)
	at org.testng.TestRunner.privateRun(TestRunner.java:648)
	at org.testng.TestRunner.run(TestRunner.java:505)
	at org.testng.SuiteRunner.runTest(SuiteRunner.java:455)
	at org.testng.SuiteRunner.runSequentially(SuiteRunner.java:450)
	at org.testng.SuiteRunner.privateRun(SuiteRunner.java:415)
	at org.testng.SuiteRunner.run(SuiteRunner.java:364)
	at org.testng.SuiteRunnerWorker.runSuite(SuiteRunnerWorker.java:52)
	at org.testng.SuiteRunnerWorker.run(SuiteRunnerWorker.java:84)
	at org.testng.TestNG.runSuitesSequentially(TestNG.java:1208)
	at org.testng.TestNG.runSuitesLocally(TestNG.java:1137)
	at org.testng.TestNG.runSuites(TestNG.java:1049)
	at org.testng.TestNG.run(TestNG.java:1017)
	at org.apache.maven.surefire.testng.TestNGExecutor.run(TestNGExecutor.java:308)
	at org.apache.maven.surefire.testng.TestNGXmlTestSuite.execute(TestNGXmlTestSuite.java:71)
	at org.apache.maven.surefire.testng.TestNGProvider.invoke(TestNGProvider.java:113)
	at org.apache.maven.surefire.booter.ForkedBooter.runSuitesInProcess(ForkedBooter.java:385)
	at org.apache.maven.surefire.booter.ForkedBooter.execute(ForkedBooter.java:162)
	at org.apache.maven.surefire.booter.ForkedBooter.run(ForkedBooter.java:507)
	at org.apache.maven.surefire.booter.ForkedBooter.main(ForkedBooter.java:495)
Caused by: org.openqa.selenium.net.UrlChecker$TimeoutException: Timed out waiting for [http://234.232.20.8:4723/status] to be available after 20006 ms
	at org.openqa.selenium.net.UrlChecker.waitUntilAvailable(UrlChecker.java:94)
	at io.appium.java_client.service.local.AppiumDriverLocalService.ping(AppiumDriverLocalService.java:157)
	at io.appium.java_client.service.local.AppiumDriverLocalService.start(AppiumDriverLocalService.java:182)
	... 32 more
Caused by: java.util.concurrent.TimeoutException
	at java.base/java.util.concurrent.FutureTask.get(FutureTask.java:204)
	at org.openqa.selenium.net.UrlChecker.waitUntilAvailable(UrlChecker.java:91)
	... 34 more
]]></failure>
    <system-out><![CDATA[[TestNGContentHandler] [WARN] It is strongly recommended to add "<!DOCTYPE suite SYSTEM "http://testng.org/testng-1.0.dtd" >" at the top of your file, otherwise TestNG may fail or not work as expected.
&amp#27;[38;5;112m[Appium]&amp#27;[0m Welcome to Appium v2.11.3
&amp#27;[38;5;112m[Appium]&amp#27;[0m Non-default server args:
&amp#27;[38;5;112m[Appium]&amp#27;[0m { address: &amp#27;[32m'234.232.20.8'&amp#27;[39m }
&amp#27;[38;5;112m[Appium]&amp#27;[0m The autodetected Appium home path: /Users/krishnabros/.appium
&amp#27;[38;5;112m[Appium]&amp#27;[0m Attempting to load driver uiautomator2...
&amp#27;[38;5;112m[Appium]&amp#27;[0m Attempting to load driver xcuitest...
&amp#27;[38;5;112m[Appium]&amp#27;[0m Requiring driver at /Users/krishnabros/.appium/node_modules/appium-xcuitest-driver/build/index.js
&amp#27;[38;5;112m[Appium]&amp#27;[0m Requiring driver at /Users/krishnabros/.appium/node_modules/appium-uiautomator2-driver/build/index.js
&amp#27;[38;5;112m[Appium]&amp#27;[0m XCUITestDriver has been successfully loaded in 0.942s
&amp#27;[38;5;112m[Appium]&amp#27;[0m AndroidUiautomator2Driver has been successfully loaded in 0.943s
&amp#27;[38;5;86m[HTTP]&amp#27;[0m Could not start REST http interface listener. The requested port may already be in use. Please make sure there is no other instance of this server running already.
&amp#27;[38;5;112m[Appium]&amp#27;[0m Could not configure Appium server. It's possible that a driver or plugin tried to update the server and failed. Original error: listen EINVAL: invalid argument 234.232.20.8:4723
&amp#27;[38;5;112m[Appium]&amp#27;[0m Error: listen EINVAL: invalid argument 234.232.20.8:4723
    at Server.setupListenHandle [as _listen2] (node:net:1882:21)
    at listenInCluster (node:net:1961:12)
    at doListen (node:net:2135:7)
    at processTicksAndRejections (node:internal/process/task_queues:83:21)
]]></system-out>
    <system-err><![CDATA[SLF4J: No SLF4J providers were found.
SLF4J: Defaulting to no-operation (NOP) logger implementation
SLF4J: See https://www.slf4j.org/codes.html#noProviders for further details.
]]></system-err>
  </testcase>
  <testcase name="preSetUp" classname="org.rahulshettyacademy.eCommerce_tc_4_Hybrid" time="20.536">
    <failure message="Cannot invoke &quot;org.rahulshettyacademy.pageObjects.android.FormPage.setAppActivity()&quot; because &quot;this.formPage&quot; is null" type="java.lang.NullPointerException"><![CDATA[java.lang.NullPointerException: Cannot invoke "org.rahulshettyacademy.pageObjects.android.FormPage.setAppActivity()" because "this.formPage" is null
	at org.rahulshettyacademy.eCommerce_tc_4_Hybrid.preSetUp(eCommerce_tc_4_Hybrid.java:21)
	at java.base/jdk.internal.reflect.NativeMethodAccessorImpl.invoke0(Native Method)
	at java.base/jdk.internal.reflect.NativeMethodAccessorImpl.invoke(NativeMethodAccessorImpl.java:77)
	at java.base/jdk.internal.reflect.DelegatingMethodAccessorImpl.invoke(DelegatingMethodAccessorImpl.java:43)
	at java.base/java.lang.reflect.Method.invoke(Method.java:568)
	at org.testng.internal.MethodInvocationHelper.invokeMethod(MethodInvocationHelper.java:124)
	at org.testng.internal.MethodInvocationHelper.invokeMethodConsideringTimeout(MethodInvocationHelper.java:59)
	at org.testng.internal.Invoker.invokeConfigurationMethod(Invoker.java:458)
	at org.testng.internal.Invoker.invokeConfigurations(Invoker.java:222)
	at org.testng.internal.Invoker.invokeMethod(Invoker.java:523)
	at org.testng.internal.Invoker.invokeTestMethod(Invoker.java:719)
	at org.testng.internal.Invoker.invokeTestMethods(Invoker.java:989)
	at org.testng.internal.TestMethodWorker.invokeTestMethods(TestMethodWorker.java:125)
	at org.testng.internal.TestMethodWorker.run(TestMethodWorker.java:109)
	at org.testng.TestRunner.privateRun(TestRunner.java:648)
	at org.testng.TestRunner.run(TestRunner.java:505)
	at org.testng.SuiteRunner.runTest(SuiteRunner.java:455)
	at org.testng.SuiteRunner.runSequentially(SuiteRunner.java:450)
	at org.testng.SuiteRunner.privateRun(SuiteRunner.java:415)
	at org.testng.SuiteRunner.run(SuiteRunner.java:364)
	at org.testng.SuiteRunnerWorker.runSuite(SuiteRunnerWorker.java:52)
	at org.testng.SuiteRunnerWorker.run(SuiteRunnerWorker.java:84)
	at org.testng.TestNG.runSuitesSequentially(TestNG.java:1208)
	at org.testng.TestNG.runSuitesLocally(TestNG.java:1137)
	at org.testng.TestNG.runSuites(TestNG.java:1049)
	at org.testng.TestNG.run(TestNG.java:1017)
	at org.apache.maven.surefire.testng.TestNGExecutor.run(TestNGExecutor.java:308)
	at org.apache.maven.surefire.testng.TestNGXmlTestSuite.execute(TestNGXmlTestSuite.java:71)
	at org.apache.maven.surefire.testng.TestNGProvider.invoke(TestNGProvider.java:113)
	at org.apache.maven.surefire.booter.ForkedBooter.runSuitesInProcess(ForkedBooter.java:385)
	at org.apache.maven.surefire.booter.ForkedBooter.execute(ForkedBooter.java:162)
	at org.apache.maven.surefire.booter.ForkedBooter.run(ForkedBooter.java:507)
	at org.apache.maven.surefire.booter.ForkedBooter.main(ForkedBooter.java:495)
]]></failure>
  </testcase>
  <testcase name="preSetUp" classname="org.rahulshettyacademy.eCommerce_tc_4_Hybrid" time="20.537">
    <failure message="Cannot invoke &quot;org.rahulshettyacademy.pageObjects.android.FormPage.setAppActivity()&quot; because &quot;this.formPage&quot; is null" type="java.lang.NullPointerException"><![CDATA[java.lang.NullPointerException: Cannot invoke "org.rahulshettyacademy.pageObjects.android.FormPage.setAppActivity()" because "this.formPage" is null
	at org.rahulshettyacademy.eCommerce_tc_4_Hybrid.preSetUp(eCommerce_tc_4_Hybrid.java:21)
	at java.base/jdk.internal.reflect.NativeMethodAccessorImpl.invoke0(Native Method)
	at java.base/jdk.internal.reflect.NativeMethodAccessorImpl.invoke(NativeMethodAccessorImpl.java:77)
	at java.base/jdk.internal.reflect.DelegatingMethodAccessorImpl.invoke(DelegatingMethodAccessorImpl.java:43)
	at java.base/java.lang.reflect.Method.invoke(Method.java:568)
	at org.testng.internal.MethodInvocationHelper.invokeMethod(MethodInvocationHelper.java:124)
	at org.testng.internal.MethodInvocationHelper.invokeMethodConsideringTimeout(MethodInvocationHelper.java:59)
	at org.testng.internal.Invoker.invokeConfigurationMethod(Invoker.java:458)
	at org.testng.internal.Invoker.invokeConfigurations(Invoker.java:222)
	at org.testng.internal.Invoker.invokeMethod(Invoker.java:523)
	at org.testng.internal.Invoker.invokeTestMethod(Invoker.java:719)
	at org.testng.internal.Invoker.invokeTestMethods(Invoker.java:989)
	at org.testng.internal.TestMethodWorker.invokeTestMethods(TestMethodWorker.java:125)
	at org.testng.internal.TestMethodWorker.run(TestMethodWorker.java:109)
	at org.testng.TestRunner.privateRun(TestRunner.java:648)
	at org.testng.TestRunner.run(TestRunner.java:505)
	at org.testng.SuiteRunner.runTest(SuiteRunner.java:455)
	at org.testng.SuiteRunner.runSequentially(SuiteRunner.java:450)
	at org.testng.SuiteRunner.privateRun(SuiteRunner.java:415)
	at org.testng.SuiteRunner.run(SuiteRunner.java:364)
	at org.testng.SuiteRunnerWorker.runSuite(SuiteRunnerWorker.java:52)
	at org.testng.SuiteRunnerWorker.run(SuiteRunnerWorker.java:84)
	at org.testng.TestNG.runSuitesSequentially(TestNG.java:1208)
	at org.testng.TestNG.runSuitesLocally(TestNG.java:1137)
	at org.testng.TestNG.runSuites(TestNG.java:1049)
	at org.testng.TestNG.run(TestNG.java:1017)
	at org.apache.maven.surefire.testng.TestNGExecutor.run(TestNGExecutor.java:308)
	at org.apache.maven.surefire.testng.TestNGXmlTestSuite.execute(TestNGXmlTestSuite.java:71)
	at org.apache.maven.surefire.testng.TestNGProvider.invoke(TestNGProvider.java:113)
	at org.apache.maven.surefire.booter.ForkedBooter.runSuitesInProcess(ForkedBooter.java:385)
	at org.apache.maven.surefire.booter.ForkedBooter.execute(ForkedBooter.java:162)
	at org.apache.maven.surefire.booter.ForkedBooter.run(ForkedBooter.java:507)
	at org.apache.maven.surefire.booter.ForkedBooter.main(ForkedBooter.java:495)
]]></failure>
  </testcase>
  <testcase name="FillForm" classname="org.rahulshettyacademy.eCommerce_tc_4_Hybrid" time="0.0">
    <skipped message="[The local appium server has not been started, Reason: Timed out waiting for [http://234.232.20.8:4723/status] to be available after 20006 ms, Consider increasing the server startup timeout value (currently 20000ms), Node.js executable path: /usr/local/bin/node, Arguments: [/usr/local/lib/node_modules/appium/build/lib/main.js, --port, 4723, --address, 234.232.20.8], Output: &amp;#27;[38;5;112m[Appium]&amp;#27;[0m Welcome to Appium v2.11.3&#10;&amp;#27;[38;5;112m[Appium]&amp;#27;[0m Non-default server args:&#10;&amp;#27;[38;5;112m[Appium]&amp;#27;[0m { address: &amp;#27;[32m&apos;234.232.20.8&apos;&amp;#27;[39m }&#10;&amp;#27;[38;5;112m[Appium]&amp;#27;[0m The autodetected Appium home path: /Users/krishnabros/.appium&#10;&amp;#27;[38;5;112m[Appium]&amp;#27;[0m Attempting to load driver uiautomator2...&#10;&amp;#27;[38;5;112m[Appium]&amp;#27;[0m Attempting to load driver xcuitest...&#10;&amp;#27;[38;5;112m[Appium]&amp;#27;[0m Requiring driver at /Users/krishnabros/.appium/node_modules/appium-xcuitest-driver/build/index.js&#10;&amp;#27;[38;5;112m[Appium]&amp;#27;[0m Requiring driver at /Users/krishnabros/.appium/node_modules/appium-uiautomator2-driver/build/index.js&#10;&amp;#27;[38;5;112m[Appium]&amp;#27;[0m XCUITestDriver has been successfully loaded in 0.942s&#10;&amp;#27;[38;5;112m[Appium]&amp;#27;[0m AndroidUiautomator2Driver has been successfully loaded in 0.943s&#10;&amp;#27;[38;5;86m[HTTP]&amp;#27;[0m Could not start REST http interface listener. The requested port may already be in use. Please make sure there is no other instance of this server running already.&#10;&amp;#27;[38;5;112m[Appium]&amp;#27;[0m Could not configure Appium server. It&apos;s possible that a driver or plugin tried to update the server and failed. Original error: listen EINVAL: invalid argument 234.232.20.8:4723&#10;&amp;#27;[38;5;112m[Appium]&amp;#27;[0m Error: listen EINVAL: invalid argument 234.232.20.8:4723&#10;    at Server.setupListenHandle [as _listen2] (node:net:1882:21)&#10;    at listenInCluster (node:net:1961:12)&#10;    at doListen (node:net:2135:7)&#10;    at processTicksAndRejections (node:internal/process/task_queues:83:21)&#10;]"/>
  </testcase>
  <testcase name="FillForm" classname="org.rahulshettyacademy.eCommerce_tc_4_Hybrid" time="0.0">
    <skipped message="[The local appium server has not been started, Reason: Timed out waiting for [http://234.232.20.8:4723/status] to be available after 20006 ms, Consider increasing the server startup timeout value (currently 20000ms), Node.js executable path: /usr/local/bin/node, Arguments: [/usr/local/lib/node_modules/appium/build/lib/main.js, --port, 4723, --address, 234.232.20.8], Output: &amp;#27;[38;5;112m[Appium]&amp;#27;[0m Welcome to Appium v2.11.3&#10;&amp;#27;[38;5;112m[Appium]&amp;#27;[0m Non-default server args:&#10;&amp;#27;[38;5;112m[Appium]&amp;#27;[0m { address: &amp;#27;[32m&apos;234.232.20.8&apos;&amp;#27;[39m }&#10;&amp;#27;[38;5;112m[Appium]&amp;#27;[0m The autodetected Appium home path: /Users/krishnabros/.appium&#10;&amp;#27;[38;5;112m[Appium]&amp;#27;[0m Attempting to load driver uiautomator2...&#10;&amp;#27;[38;5;112m[Appium]&amp;#27;[0m Attempting to load driver xcuitest...&#10;&amp;#27;[38;5;112m[Appium]&amp;#27;[0m Requiring driver at /Users/krishnabros/.appium/node_modules/appium-xcuitest-driver/build/index.js&#10;&amp;#27;[38;5;112m[Appium]&amp;#27;[0m Requiring driver at /Users/krishnabros/.appium/node_modules/appium-uiautomator2-driver/build/index.js&#10;&amp;#27;[38;5;112m[Appium]&amp;#27;[0m XCUITestDriver has been successfully loaded in 0.942s&#10;&amp;#27;[38;5;112m[Appium]&amp;#27;[0m AndroidUiautomator2Driver has been successfully loaded in 0.943s&#10;&amp;#27;[38;5;86m[HTTP]&amp;#27;[0m Could not start REST http interface listener. The requested port may already be in use. Please make sure there is no other instance of this server running already.&#10;&amp;#27;[38;5;112m[Appium]&amp;#27;[0m Could not configure Appium server. It&apos;s possible that a driver or plugin tried to update the server and failed. Original error: listen EINVAL: invalid argument 234.232.20.8:4723&#10;&amp;#27;[38;5;112m[Appium]&amp;#27;[0m Error: listen EINVAL: invalid argument 234.232.20.8:4723&#10;    at Server.setupListenHandle [as _listen2] (node:net:1882:21)&#10;    at listenInCluster (node:net:1961:12)&#10;    at doListen (node:net:2135:7)&#10;    at processTicksAndRejections (node:internal/process/task_queues:83:21)&#10;]"/>
  </testcase>
  <testcase name="tearDown" classname="org.rahulshettyacademy.eCommerce_tc_4_Hybrid" time="20.538">
    <failure message="Cannot invoke &quot;io.appium.java_client.android.AndroidDriver.quit()&quot; because &quot;this.driver&quot; is null" type="java.lang.NullPointerException"><![CDATA[java.lang.NullPointerException: Cannot invoke "io.appium.java_client.android.AndroidDriver.quit()" because "this.driver" is null
	at org.rahulshettyacademy.TestUtils.AndroidBaseTest.tearDown(AndroidBaseTest.java:55)
	at java.base/jdk.internal.reflect.NativeMethodAccessorImpl.invoke0(Native Method)
	at java.base/jdk.internal.reflect.NativeMethodAccessorImpl.invoke(NativeMethodAccessorImpl.java:77)
	at java.base/jdk.internal.reflect.DelegatingMethodAccessorImpl.invoke(DelegatingMethodAccessorImpl.java:43)
	at java.base/java.lang.reflect.Method.invoke(Method.java:568)
	at org.testng.internal.MethodInvocationHelper.invokeMethod(MethodInvocationHelper.java:124)
	at org.testng.internal.MethodInvocationHelper.invokeMethodConsideringTimeout(MethodInvocationHelper.java:59)
	at org.testng.internal.Invoker.invokeConfigurationMethod(Invoker.java:458)
	at org.testng.internal.Invoker.invokeConfigurations(Invoker.java:222)
	at org.testng.internal.Invoker.invokeConfigurations(Invoker.java:142)
	at org.testng.internal.TestMethodWorker.invokeAfterClassMethods(TestMethodWorker.java:214)
	at org.testng.internal.TestMethodWorker.run(TestMethodWorker.java:111)
	at org.testng.TestRunner.privateRun(TestRunner.java:648)
	at org.testng.TestRunner.run(TestRunner.java:505)
	at org.testng.SuiteRunner.runTest(SuiteRunner.java:455)
	at org.testng.SuiteRunner.runSequentially(SuiteRunner.java:450)
	at org.testng.SuiteRunner.privateRun(SuiteRunner.java:415)
	at org.testng.SuiteRunner.run(SuiteRunner.java:364)
	at org.testng.SuiteRunnerWorker.runSuite(SuiteRunnerWorker.java:52)
	at org.testng.SuiteRunnerWorker.run(SuiteRunnerWorker.java:84)
	at org.testng.TestNG.runSuitesSequentially(TestNG.java:1208)
	at org.testng.TestNG.runSuitesLocally(TestNG.java:1137)
	at org.testng.TestNG.runSuites(TestNG.java:1049)
	at org.testng.TestNG.run(TestNG.java:1017)
	at org.apache.maven.surefire.testng.TestNGExecutor.run(TestNGExecutor.java:308)
	at org.apache.maven.surefire.testng.TestNGXmlTestSuite.execute(TestNGXmlTestSuite.java:71)
	at org.apache.maven.surefire.testng.TestNGProvider.invoke(TestNGProvider.java:113)
	at org.apache.maven.surefire.booter.ForkedBooter.runSuitesInProcess(ForkedBooter.java:385)
	at org.apache.maven.surefire.booter.ForkedBooter.execute(ForkedBooter.java:162)
	at org.apache.maven.surefire.booter.ForkedBooter.run(ForkedBooter.java:507)
	at org.apache.maven.surefire.booter.ForkedBooter.main(ForkedBooter.java:495)
]]></failure>
  </testcase>
  <testcase name="configureAppium" classname="org.rahulshettyacademy.eCommerce_tc_1" time="40.731">
    <failure message="[The local appium server has not been started, Reason: Timed out waiting for [http://234.232.20.8:4723/status] to be available after 20006 ms, Consider increasing the server startup timeout value (currently 20000ms), Node.js executable path: /usr/local/bin/node, Arguments: [/usr/local/lib/node_modules/appium/build/lib/main.js, --port, 4723, --address, 234.232.20.8], Output: &amp;#27;[38;5;112m[Appium]&amp;#27;[0m Welcome to Appium v2.11.3&#10;&amp;#27;[38;5;112m[Appium]&amp;#27;[0m Non-default server args:&#10;&amp;#27;[38;5;112m[Appium]&amp;#27;[0m { address: &amp;#27;[32m&apos;234.232.20.8&apos;&amp;#27;[39m }&#10;&amp;#27;[38;5;112m[Appium]&amp;#27;[0m The autodetected Appium home path: /Users/krishnabros/.appium&#10;&amp;#27;[38;5;112m[Appium]&amp;#27;[0m Attempting to load driver uiautomator2...&#10;&amp;#27;[38;5;112m[Appium]&amp;#27;[0m Attempting to load driver xcuitest...&#10;&amp;#27;[38;5;112m[Appium]&amp;#27;[0m Requiring driver at /Users/krishnabros/.appium/node_modules/appium-xcuitest-driver/build/index.js&#10;&amp;#27;[38;5;112m[Appium]&amp;#27;[0m Requiring driver at /Users/krishnabros/.appium/node_modules/appium-uiautomator2-driver/build/index.js&#10;&amp;#27;[38;5;112m[Appium]&amp;#27;[0m XCUITestDriver has been successfully loaded in 0.800s&#10;&amp;#27;[38;5;112m[Appium]&amp;#27;[0m AndroidUiautomator2Driver has been successfully loaded in 0.800s&#10;&amp;#27;[38;5;86m[HTTP]&amp;#27;[0m Could not start REST http interface listener. The requested port may already be in use. Please make sure there is no other instance of this server running already.&#10;&amp;#27;[38;5;112m[Appium]&amp;#27;[0m Could not configure Appium server. It&apos;s possible that a driver or plugin tried to update the server and failed. Original error: listen EINVAL: invalid argument 234.232.20.8:4723&#10;&amp;#27;[38;5;112m[Appium]&amp;#27;[0m Error: listen EINVAL: invalid argument 234.232.20.8:4723&#10;    at Server.setupListenHandle [as _listen2] (node:net:1882:21)&#10;    at listenInCluster (node:net:1961:12)&#10;    at doListen (node:net:2135:7)&#10;    at processTicksAndRejections (node:internal/process/task_queues:83:21)&#10;]" type="io.appium.java_client.service.local.AppiumServerHasNotBeenStartedLocallyException"><![CDATA[io.appium.java_client.service.local.AppiumServerHasNotBeenStartedLocallyException: 
[The local appium server has not been started, Reason: Timed out waiting for [http://234.232.20.8:4723/status] to be available after 20006 ms, Consider increasing the server startup timeout value (currently 20000ms), Node.js executable path: /usr/local/bin/node, Arguments: [/usr/local/lib/node_modules/appium/build/lib/main.js, --port, 4723, --address, 234.232.20.8], Output: &amp#27;[38;5;112m[Appium]&amp#27;[0m Welcome to Appium v2.11.3
&amp#27;[38;5;112m[Appium]&amp#27;[0m Non-default server args:
&amp#27;[38;5;112m[Appium]&amp#27;[0m { address: &amp#27;[32m'234.232.20.8'&amp#27;[39m }
&amp#27;[38;5;112m[Appium]&amp#27;[0m The autodetected Appium home path: /Users/krishnabros/.appium
&amp#27;[38;5;112m[Appium]&amp#27;[0m Attempting to load driver uiautomator2...
&amp#27;[38;5;112m[Appium]&amp#27;[0m Attempting to load driver xcuitest...
&amp#27;[38;5;112m[Appium]&amp#27;[0m Requiring driver at /Users/krishnabros/.appium/node_modules/appium-xcuitest-driver/build/index.js
&amp#27;[38;5;112m[Appium]&amp#27;[0m Requiring driver at /Users/krishnabros/.appium/node_modules/appium-uiautomator2-driver/build/index.js
&amp#27;[38;5;112m[Appium]&amp#27;[0m XCUITestDriver has been successfully loaded in 0.800s
&amp#27;[38;5;112m[Appium]&amp#27;[0m AndroidUiautomator2Driver has been successfully loaded in 0.800s
&amp#27;[38;5;86m[HTTP]&amp#27;[0m Could not start REST http interface listener. The requested port may already be in use. Please make sure there is no other instance of this server running already.
&amp#27;[38;5;112m[Appium]&amp#27;[0m Could not configure Appium server. It's possible that a driver or plugin tried to update the server and failed. Original error: listen EINVAL: invalid argument 234.232.20.8:4723
&amp#27;[38;5;112m[Appium]&amp#27;[0m Error: listen EINVAL: invalid argument 234.232.20.8:4723
    at Server.setupListenHandle [as _listen2] (node:net:1882:21)
    at listenInCluster (node:net:1961:12)
    at doListen (node:net:2135:7)
    at processTicksAndRejections (node:internal/process/task_queues:83:21)
]
	at io.appium.java_client.service.local.AppiumDriverLocalService.start(AppiumDriverLocalService.java:203)
	at org.rahulshettyacademy.utils.AppiumUtils.startAppiumServer(AppiumUtils.java:31)
	at org.rahulshettyacademy.TestUtils.AndroidBaseTest.configureAppium(AndroidBaseTest.java:35)
	at java.base/jdk.internal.reflect.NativeMethodAccessorImpl.invoke0(Native Method)
	at java.base/jdk.internal.reflect.NativeMethodAccessorImpl.invoke(NativeMethodAccessorImpl.java:77)
	at java.base/jdk.internal.reflect.DelegatingMethodAccessorImpl.invoke(DelegatingMethodAccessorImpl.java:43)
	at java.base/java.lang.reflect.Method.invoke(Method.java:568)
	at org.testng.internal.MethodInvocationHelper.invokeMethod(MethodInvocationHelper.java:124)
	at org.testng.internal.MethodInvocationHelper.invokeMethodConsideringTimeout(MethodInvocationHelper.java:59)
	at org.testng.internal.Invoker.invokeConfigurationMethod(Invoker.java:458)
	at org.testng.internal.Invoker.invokeConfigurations(Invoker.java:222)
	at org.testng.internal.Invoker.invokeConfigurations(Invoker.java:142)
	at org.testng.internal.TestMethodWorker.invokeBeforeClassMethods(TestMethodWorker.java:168)
	at org.testng.internal.TestMethodWorker.run(TestMethodWorker.java:105)
	at org.testng.TestRunner.privateRun(TestRunner.java:648)
	at org.testng.TestRunner.run(TestRunner.java:505)
	at org.testng.SuiteRunner.runTest(SuiteRunner.java:455)
	at org.testng.SuiteRunner.runSequentially(SuiteRunner.java:450)
	at org.testng.SuiteRunner.privateRun(SuiteRunner.java:415)
	at org.testng.SuiteRunner.run(SuiteRunner.java:364)
	at org.testng.SuiteRunnerWorker.runSuite(SuiteRunnerWorker.java:52)
	at org.testng.SuiteRunnerWorker.run(SuiteRunnerWorker.java:84)
	at org.testng.TestNG.runSuitesSequentially(TestNG.java:1208)
	at org.testng.TestNG.runSuitesLocally(TestNG.java:1137)
	at org.testng.TestNG.runSuites(TestNG.java:1049)
	at org.testng.TestNG.run(TestNG.java:1017)
	at org.apache.maven.surefire.testng.TestNGExecutor.run(TestNGExecutor.java:308)
	at org.apache.maven.surefire.testng.TestNGXmlTestSuite.execute(TestNGXmlTestSuite.java:71)
	at org.apache.maven.surefire.testng.TestNGProvider.invoke(TestNGProvider.java:113)
	at org.apache.maven.surefire.booter.ForkedBooter.runSuitesInProcess(ForkedBooter.java:385)
	at org.apache.maven.surefire.booter.ForkedBooter.execute(ForkedBooter.java:162)
	at org.apache.maven.surefire.booter.ForkedBooter.run(ForkedBooter.java:507)
	at org.apache.maven.surefire.booter.ForkedBooter.main(ForkedBooter.java:495)
Caused by: org.openqa.selenium.net.UrlChecker$TimeoutException: Timed out waiting for [http://234.232.20.8:4723/status] to be available after 20006 ms
	at org.openqa.selenium.net.UrlChecker.waitUntilAvailable(UrlChecker.java:94)
	at io.appium.java_client.service.local.AppiumDriverLocalService.ping(AppiumDriverLocalService.java:157)
	at io.appium.java_client.service.local.AppiumDriverLocalService.start(AppiumDriverLocalService.java:182)
	... 32 more
Caused by: java.util.concurrent.TimeoutException
	at java.base/java.util.concurrent.FutureTask.get(FutureTask.java:204)
	at org.openqa.selenium.net.UrlChecker.waitUntilAvailable(UrlChecker.java:91)
	... 34 more
]]></failure>
    <system-out><![CDATA[&amp#27;[38;5;112m[Appium]&amp#27;[0m Welcome to Appium v2.11.3
&amp#27;[38;5;112m[Appium]&amp#27;[0m Non-default server args:
&amp#27;[38;5;112m[Appium]&amp#27;[0m { address: &amp#27;[32m'234.232.20.8'&amp#27;[39m }
&amp#27;[38;5;112m[Appium]&amp#27;[0m The autodetected Appium home path: /Users/krishnabros/.appium
&amp#27;[38;5;112m[Appium]&amp#27;[0m Attempting to load driver uiautomator2...
&amp#27;[38;5;112m[Appium]&amp#27;[0m Attempting to load driver xcuitest...
&amp#27;[38;5;112m[Appium]&amp#27;[0m Requiring driver at /Users/krishnabros/.appium/node_modules/appium-xcuitest-driver/build/index.js
&amp#27;[38;5;112m[Appium]&amp#27;[0m Requiring driver at /Users/krishnabros/.appium/node_modules/appium-uiautomator2-driver/build/index.js
&amp#27;[38;5;112m[Appium]&amp#27;[0m XCUITestDriver has been successfully loaded in 0.800s
&amp#27;[38;5;112m[Appium]&amp#27;[0m AndroidUiautomator2Driver has been successfully loaded in 0.800s
&amp#27;[38;5;86m[HTTP]&amp#27;[0m Could not start REST http interface listener. The requested port may already be in use. Please make sure there is no other instance of this server running already.
&amp#27;[38;5;112m[Appium]&amp#27;[0m Could not configure Appium server. It's possible that a driver or plugin tried to update the server and failed. Original error: listen EINVAL: invalid argument 234.232.20.8:4723
&amp#27;[38;5;112m[Appium]&amp#27;[0m Error: listen EINVAL: invalid argument 234.232.20.8:4723
    at Server.setupListenHandle [as _listen2] (node:net:1882:21)
    at listenInCluster (node:net:1961:12)
    at doListen (node:net:2135:7)
    at processTicksAndRejections (node:internal/process/task_queues:83:21)
]]></system-out>
  </testcase>
  <testcase name="preSetUp" classname="org.rahulshettyacademy.eCommerce_tc_1" time="0.0">
    <skipped/>
  </testcase>
  <testcase name="preSetUp" classname="org.rahulshettyacademy.eCommerce_tc_1" time="0.0">
    <skipped/>
  </testcase>
  <testcase name="FillForm_ErrorValidation" classname="org.rahulshettyacademy.eCommerce_tc_1" time="0.0">
    <skipped message="[The local appium server has not been started, Reason: Timed out waiting for [http://234.232.20.8:4723/status] to be available after 20006 ms, Consider increasing the server startup timeout value (currently 20000ms), Node.js executable path: /usr/local/bin/node, Arguments: [/usr/local/lib/node_modules/appium/build/lib/main.js, --port, 4723, --address, 234.232.20.8], Output: &amp;#27;[38;5;112m[Appium]&amp;#27;[0m Welcome to Appium v2.11.3&#10;&amp;#27;[38;5;112m[Appium]&amp;#27;[0m Non-default server args:&#10;&amp;#27;[38;5;112m[Appium]&amp;#27;[0m { address: &amp;#27;[32m&apos;234.232.20.8&apos;&amp;#27;[39m }&#10;&amp;#27;[38;5;112m[Appium]&amp;#27;[0m The autodetected Appium home path: /Users/krishnabros/.appium&#10;&amp;#27;[38;5;112m[Appium]&amp;#27;[0m Attempting to load driver uiautomator2...&#10;&amp;#27;[38;5;112m[Appium]&amp;#27;[0m Attempting to load driver xcuitest...&#10;&amp;#27;[38;5;112m[Appium]&amp;#27;[0m Requiring driver at /Users/krishnabros/.appium/node_modules/appium-xcuitest-driver/build/index.js&#10;&amp;#27;[38;5;112m[Appium]&amp;#27;[0m Requiring driver at /Users/krishnabros/.appium/node_modules/appium-uiautomator2-driver/build/index.js&#10;&amp;#27;[38;5;112m[Appium]&amp;#27;[0m XCUITestDriver has been successfully loaded in 0.800s&#10;&amp;#27;[38;5;112m[Appium]&amp;#27;[0m AndroidUiautomator2Driver has been successfully loaded in 0.800s&#10;&amp;#27;[38;5;86m[HTTP]&amp;#27;[0m Could not start REST http interface listener. The requested port may already be in use. Please make sure there is no other instance of this server running already.&#10;&amp;#27;[38;5;112m[Appium]&amp;#27;[0m Could not configure Appium server. It&apos;s possible that a driver or plugin tried to update the server and failed. Original error: listen EINVAL: invalid argument 234.232.20.8:4723&#10;&amp;#27;[38;5;112m[Appium]&amp;#27;[0m Error: listen EINVAL: invalid argument 234.232.20.8:4723&#10;    at Server.setupListenHandle [as _listen2] (node:net:1882:21)&#10;    at listenInCluster (node:net:1961:12)&#10;    at doListen (node:net:2135:7)&#10;    at processTicksAndRejections (node:internal/process/task_queues:83:21)&#10;]"/>
  </testcase>
  <testcase name="FillForm_Positive" classname="org.rahulshettyacademy.eCommerce_tc_1" time="0.0">
    <skipped message="[The local appium server has not been started, Reason: Timed out waiting for [http://234.232.20.8:4723/status] to be available after 20006 ms, Consider increasing the server startup timeout value (currently 20000ms), Node.js executable path: /usr/local/bin/node, Arguments: [/usr/local/lib/node_modules/appium/build/lib/main.js, --port, 4723, --address, 234.232.20.8], Output: &amp;#27;[38;5;112m[Appium]&amp;#27;[0m Welcome to Appium v2.11.3&#10;&amp;#27;[38;5;112m[Appium]&amp;#27;[0m Non-default server args:&#10;&amp;#27;[38;5;112m[Appium]&amp;#27;[0m { address: &amp;#27;[32m&apos;234.232.20.8&apos;&amp;#27;[39m }&#10;&amp;#27;[38;5;112m[Appium]&amp;#27;[0m The autodetected Appium home path: /Users/krishnabros/.appium&#10;&amp;#27;[38;5;112m[Appium]&amp;#27;[0m Attempting to load driver uiautomator2...&#10;&amp;#27;[38;5;112m[Appium]&amp;#27;[0m Attempting to load driver xcuitest...&#10;&amp;#27;[38;5;112m[Appium]&amp;#27;[0m Requiring driver at /Users/krishnabros/.appium/node_modules/appium-xcuitest-driver/build/index.js&#10;&amp;#27;[38;5;112m[Appium]&amp;#27;[0m Requiring driver at /Users/krishnabros/.appium/node_modules/appium-uiautomator2-driver/build/index.js&#10;&amp;#27;[38;5;112m[Appium]&amp;#27;[0m XCUITestDriver has been successfully loaded in 0.800s&#10;&amp;#27;[38;5;112m[Appium]&amp;#27;[0m AndroidUiautomator2Driver has been successfully loaded in 0.800s&#10;&amp;#27;[38;5;86m[HTTP]&amp;#27;[0m Could not start REST http interface listener. The requested port may already be in use. Please make sure there is no other instance of this server running already.&#10;&amp;#27;[38;5;112m[Appium]&amp;#27;[0m Could not configure Appium server. It&apos;s possible that a driver or plugin tried to update the server and failed. Original error: listen EINVAL: invalid argument 234.232.20.8:4723&#10;&amp;#27;[38;5;112m[Appium]&amp;#27;[0m Error: listen EINVAL: invalid argument 234.232.20.8:4723&#10;    at Server.setupListenHandle [as _listen2] (node:net:1882:21)&#10;    at listenInCluster (node:net:1961:12)&#10;    at doListen (node:net:2135:7)&#10;    at processTicksAndRejections (node:internal/process/task_queues:83:21)&#10;]"/>
  </testcase>
  <testcase name="tearDown" classname="org.rahulshettyacademy.eCommerce_tc_1" time="40.735">
    <failure message="Cannot invoke &quot;io.appium.java_client.android.AndroidDriver.quit()&quot; because &quot;this.driver&quot; is null" type="java.lang.NullPointerException"><![CDATA[java.lang.NullPointerException: Cannot invoke "io.appium.java_client.android.AndroidDriver.quit()" because "this.driver" is null
	at org.rahulshettyacademy.TestUtils.AndroidBaseTest.tearDown(AndroidBaseTest.java:55)
	at java.base/jdk.internal.reflect.NativeMethodAccessorImpl.invoke0(Native Method)
	at java.base/jdk.internal.reflect.NativeMethodAccessorImpl.invoke(NativeMethodAccessorImpl.java:77)
	at java.base/jdk.internal.reflect.DelegatingMethodAccessorImpl.invoke(DelegatingMethodAccessorImpl.java:43)
	at java.base/java.lang.reflect.Method.invoke(Method.java:568)
	at org.testng.internal.MethodInvocationHelper.invokeMethod(MethodInvocationHelper.java:124)
	at org.testng.internal.MethodInvocationHelper.invokeMethodConsideringTimeout(MethodInvocationHelper.java:59)
	at org.testng.internal.Invoker.invokeConfigurationMethod(Invoker.java:458)
	at org.testng.internal.Invoker.invokeConfigurations(Invoker.java:222)
	at org.testng.internal.Invoker.invokeConfigurations(Invoker.java:142)
	at org.testng.internal.TestMethodWorker.invokeAfterClassMethods(TestMethodWorker.java:214)
	at org.testng.internal.TestMethodWorker.run(TestMethodWorker.java:111)
	at org.testng.TestRunner.privateRun(TestRunner.java:648)
	at org.testng.TestRunner.run(TestRunner.java:505)
	at org.testng.SuiteRunner.runTest(SuiteRunner.java:455)
	at org.testng.SuiteRunner.runSequentially(SuiteRunner.java:450)
	at org.testng.SuiteRunner.privateRun(SuiteRunner.java:415)
	at org.testng.SuiteRunner.run(SuiteRunner.java:364)
	at org.testng.SuiteRunnerWorker.runSuite(SuiteRunnerWorker.java:52)
	at org.testng.SuiteRunnerWorker.run(SuiteRunnerWorker.java:84)
	at org.testng.TestNG.runSuitesSequentially(TestNG.java:1208)
	at org.testng.TestNG.runSuitesLocally(TestNG.java:1137)
	at org.testng.TestNG.runSuites(TestNG.java:1049)
	at org.testng.TestNG.run(TestNG.java:1017)
	at org.apache.maven.surefire.testng.TestNGExecutor.run(TestNGExecutor.java:308)
	at org.apache.maven.surefire.testng.TestNGXmlTestSuite.execute(TestNGXmlTestSuite.java:71)
	at org.apache.maven.surefire.testng.TestNGProvider.invoke(TestNGProvider.java:113)
	at org.apache.maven.surefire.booter.ForkedBooter.runSuitesInProcess(ForkedBooter.java:385)
	at org.apache.maven.surefire.booter.ForkedBooter.execute(ForkedBooter.java:162)
	at org.apache.maven.surefire.booter.ForkedBooter.run(ForkedBooter.java:507)
	at org.apache.maven.surefire.booter.ForkedBooter.main(ForkedBooter.java:495)
]]></failure>
  </testcase>
  <testcase name="IOSBasicsTest" classname="org.rahulshettyacademy.IOSBasics" time="6.035">
    <system-out><![CDATA[&amp#27;[38;5;112m[Appium]&amp#27;[0m Welcome to Appium v2.11.3
&amp#27;[38;5;112m[Appium]&amp#27;[0m Non-default server args:
&amp#27;[38;5;112m[Appium]&amp#27;[0m { address: &amp#27;[32m'127.0.0.1'&amp#27;[39m }
&amp#27;[38;5;112m[Appium]&amp#27;[0m The autodetected Appium home path: /Users/krishnabros/.appium
&amp#27;[38;5;112m[Appium]&amp#27;[0m Attempting to load driver uiautomator2...
&amp#27;[38;5;112m[Appium]&amp#27;[0m Attempting to load driver xcuitest...
&amp#27;[38;5;112m[Appium]&amp#27;[0m Requiring driver at /Users/krishnabros/.appium/node_modules/appium-xcuitest-driver/build/index.js
&amp#27;[38;5;112m[Appium]&amp#27;[0m Requiring driver at /Users/krishnabros/.appium/node_modules/appium-uiautomator2-driver/build/index.js
&amp#27;[38;5;112m[Appium]&amp#27;[0m XCUITestDriver has been successfully loaded in 0.846s
&amp#27;[38;5;112m[Appium]&amp#27;[0m AndroidUiautomator2Driver has been successfully loaded in 0.847s
&amp#27;[38;5;112m[Appium]&amp#27;[0m Appium REST http interface listener started on http://127.0.0.1:4723
&amp#27;[38;5;112m[Appium]&amp#27;[0m Available drivers:
&amp#27;[38;5;112m[Appium]&amp#27;[0m   - uiautomator2@3.7.9 (automationName 'UiAutomator2')
&amp#27;[38;5;112m[Appium]&amp#27;[0m   - xcuitest@7.26.2 (automationName 'XCUITest')
&amp#27;[38;5;112m[Appium]&amp#27;[0m No plugins have been installed. Use the "appium plugin" command to install the one(s) you want to use.
&amp#27;[38;5;86m[HTTP]&amp#27;[0m &amp#27;[37m-->&amp#27;[39m &amp#27;[37mGET&amp#27;[39m &amp#27;[37m/status&amp#27;[39m {}
&amp#27;[38;5;75m[AppiumDriver@1f9a]&amp#27;[0m Calling AppiumDriver.getStatus() with args: []
&amp#27;[38;5;75m[AppiumDriver@1f9a]&amp#27;[0m Responding to client with driver.getStatus() result: {"ready":true,"message":"The server is ready to accept new connections","build":{"version":"2.11.3"}}
&amp#27;[38;5;86m[HTTP]&amp#27;[0m <-- GET /status 200 4 ms - 111 
&amp#27;[38;5;86m[HTTP]&amp#27;[0m Request idempotency key: eebe2c56-e6a2-4648-abc9-2514ec6054ec
&amp#27;[38;5;86m[HTTP]&amp#27;[0m &amp#27;[37m-->&amp#27;[39m &amp#27;[37mPOST&amp#27;[39m &amp#27;[37m/session&amp#27;[39m {"capabilities":{"firstMatch":[{}],"alwaysMatch":{"appium:app":"/Users/krishnabros/Desktop/Projects/Appium/eclipse-workspace/AppiumFrameworkDesignProject//src//test//java//org//rahulshettyacademy//resources//UIKitCatalog.app","appium:automationName":"XCuiTest","appium:deviceName":"iPhone 15 Pro Max","appium:platformVersion":"17.5","appium:wdaLaunchTimeout":20000,"platformName":"IOS"}}}
&amp#27;[38;5;75m[AppiumDriver@1f9a]&amp#27;[0m Calling AppiumDriver.createSession() with args: [null,null,{"firstMatch":[{}],"alwaysMatch":{"appium:app":"/Users/krishnabros/Desktop/Projects/Appium/eclipse-workspace/AppiumFrameworkDesignProject//src//test//java//org//rahulshettyacademy//resources//UIKitCatalog.app","appium:automationName":"XCuiTest","appium:deviceName":"iPhone 15 Pro Max","appium:platformVersion":"17.5","appium:wdaLaunchTimeout":20000,"platformName":"IOS"}}]
&amp#27;[38;5;75m[AppiumDriver@1f9a]&amp#27;[0m Event 'newSessionRequested' logged at 1727407249106 (08:50:49 GMT+0530 (India Standard Time))
&amp#27;[38;5;112m[Appium]&amp#27;[0m Attempting to find matching driver for automationName 'XCuiTest' and platformName 'IOS'
&amp#27;[38;5;112m[Appium]&amp#27;[0m The 'xcuitest' driver was installed and matched caps.
&amp#27;[38;5;112m[Appium]&amp#27;[0m Will require it at /Users/krishnabros/.appium/node_modules/appium-xcuitest-driver
&amp#27;[38;5;112m[Appium]&amp#27;[0m Requiring driver at /Users/krishnabros/.appium/node_modules/appium-xcuitest-driver/build/index.js
&amp#27;[38;5;75m[AppiumDriver@1f9a]&amp#27;[0m Appium v2.11.3 creating new XCUITestDriver (v7.26.2) session
&amp#27;[38;5;75m[AppiumDriver@1f9a]&amp#27;[0m Checking BaseDriver versions for Appium and XCUITestDriver
&amp#27;[38;5;75m[AppiumDriver@1f9a]&amp#27;[0m Appium's BaseDriver version is 9.11.3
&amp#27;[38;5;75m[AppiumDriver@1f9a]&amp#27;[0m XCUITestDriver's BaseDriver version is 9.11.3
&amp#27;[38;5;176m[XCUITestDriver@3495]&amp#27;[0m 
&amp#27;[38;5;176m[XCUITestDriver@3495]&amp#27;[0m Creating session with W3C capabilities: {
  "alwaysMatch": {
    "platformName": "IOS",
    "appium:app": "/Users/krishnabros/Desktop/Projects/Appium/eclipse-workspace/AppiumFrameworkDesignProject//src//test//java//org//rahulshettyacademy//resources//UIKitCatalog.app",
    "appium:automationName": "XCuiTest",
    "appium:deviceName": "iPhone 15 Pro Max",
    "appium:platformVersion": "17.5",
    "appium:wdaLaunchTimeout": 20000
  },
  "firstMatch": [
    {}
  ]
}
&amp#27;[38;5;211m[0a10707a]&amp#27;[0m&amp#27;[38;5;176m[XCUITestDriver@3495]&amp#27;[0m Session created with session id: 0a10707a-bf34-4dba-aaa5-11c15cdd12d2
&amp#27;[38;5;211m[0a10707a]&amp#27;[0m&amp#27;[38;5;135m[XCUITest]&amp#27;[0m Current user: 'krishnabros'
&amp#27;[38;5;211m[0a10707a]&amp#27;[0m&amp#27;[38;5;176m[XCUITestDriver@3495]&amp#27;[0m No real device udid has been provided in capabilities. Will select a matching simulator to run the test.
&amp#27;[38;5;211m[0a10707a]&amp#27;[0m&amp#27;[38;5;176m[XCUITestDriver@3495]&amp#27;[0m iOS SDK Version set to '17.5'
&amp#27;[38;5;211m[0a10707a]&amp#27;[0m&amp#27;[38;5;176m[XCUITestDriver@3495]&amp#27;[0m Looking for an existing Simulator with platformName: iOS, platformVersion: 17.5, deviceName: iPhone 15 Pro Max
&amp#27;[38;5;211m[0a10707a]&amp#27;[0m&amp#27;[38;5;176m[XCUITestDriver@3495]&amp#27;[0m Constructing iOS simulator for Xcode version 15.4 with udid 'A7E9CAB7-8EBC-4BDB-AC09-0B50C1D08DA3'
&amp#27;[38;5;211m[0a10707a]&amp#27;[0m&amp#27;[38;5;176m[XCUITestDriver@3495]&amp#27;[0m Determining device to run tests on: udid: 'A7E9CAB7-8EBC-4BDB-AC09-0B50C1D08DA3', real device: false
&amp#27;[38;5;211m[0a10707a]&amp#27;[0m&amp#27;[38;5;176m[XCUITestDriver@3495]&amp#27;[0m Event 'xcodeDetailsRetrieved' logged at 1727407249439 (08:50:49 GMT+0530 (India Standard Time))
&amp#27;[38;5;211m[0a10707a]&amp#27;[0m&amp#27;[38;5;123m[BaseDriver]&amp#27;[0m Using local app '/Users/krishnabros/Desktop/Projects/Appium/eclipse-workspace/AppiumFrameworkDesignProject//src//test//java//org//rahulshettyacademy//resources//UIKitCatalog.app'
&amp#27;[38;5;211m[0a10707a]&amp#27;[0m&amp#27;[38;5;176m[XCUITestDriver@3495]&amp#27;[0m Caching the manifest for com.example.apple-samplecode.UICatalog app from a file source using the key '0563b1029744d18eb379bac83caaff3baf7a7037'
&amp#27;[38;5;211m[0a10707a]&amp#27;[0m&amp#27;[38;5;176m[XCUITestDriver@3495]&amp#27;[0m Event 'appConfigured' logged at 1727407249443 (08:50:49 GMT+0530 (India Standard Time))
&amp#27;[38;5;211m[0a10707a]&amp#27;[0m&amp#27;[38;5;135m[XCUITest]&amp#27;[0m Checking whether app '/Users/krishnabros/Desktop/Projects/Appium/eclipse-workspace/AppiumFrameworkDesignProject//src//test//java//org//rahulshettyacademy//resources//UIKitCatalog.app' is actually present on file system
&amp#27;[38;5;211m[0a10707a]&amp#27;[0m&amp#27;[38;5;135m[XCUITest]&amp#27;[0m App is present
&amp#27;[38;5;211m[0a10707a]&amp#27;[0m&amp#27;[38;5;176m[XCUITestDriver@3495]&amp#27;[0m CFBundleIdentifier: "com.example.apple-samplecode.UICatalog"
&amp#27;[38;5;211m[0a10707a]&amp#27;[0m&amp#27;[38;5;176m[XCUITestDriver@3495]&amp#27;[0m Event 'resetStarted' logged at 1727407249443 (08:50:49 GMT+0530 (India Standard Time))
&amp#27;[38;5;211m[0a10707a]&amp#27;[0m&amp#27;[38;5;176m[simctl]&amp#27;[0m Error running 'terminate': An error was encountered processing the command (domain=NSPOSIXErrorDomain, code=3):
Simulator device failed to terminate com.example.apple-samplecode.UICatalog.
found nothing to terminate
Underlying error (domain=NSPOSIXErrorDomain, code=3):
	The request to terminate "com.example.apple-samplecode.UICatalog" failed. found nothing to terminate
	found nothing to terminate
&amp#27;[38;5;211m[0a10707a]&amp#27;[0m&amp#27;[38;5;176m[XCUITestDriver@3495]&amp#27;[0m Reset: failed to terminate Simulator application with id "com.example.apple-samplecode.UICatalog"
&amp#27;[38;5;211m[0a10707a]&amp#27;[0m&amp#27;[38;5;176m[XCUITestDriver@3495]&amp#27;[0m Not scrubbing third party app in anticipation of uninstall
&amp#27;[38;5;211m[0a10707a]&amp#27;[0m&amp#27;[38;5;176m[XCUITestDriver@3495]&amp#27;[0m Event 'resetComplete' logged at 1727407249596 (08:50:49 GMT+0530 (India Standard Time))
&amp#27;[38;5;211m[0a10707a]&amp#27;[0m&amp#27;[38;5;176m[XCUITestDriver@3495]&amp#27;[0m Using WDA path: '/Users/krishnabros/.appium/node_modules/appium-xcuitest-driver/node_modules/appium-webdriveragent'
&amp#27;[38;5;211m[0a10707a]&amp#27;[0m&amp#27;[38;5;176m[XCUITestDriver@3495]&amp#27;[0m Using WDA agent: '/Users/krishnabros/.appium/node_modules/appium-xcuitest-driver/node_modules/appium-webdriveragent/WebDriverAgent.xcodeproj'
&amp#27;[38;5;211m[0a10707a]&amp#27;[0m&amp#27;[38;5;176m[XCUITestDriver@3495]&amp#27;[0m Starting log capture for iOS Simulator with udid 'A7E9CAB7-8EBC-4BDB-AC09-0B50C1D08DA3' using simctl
&amp#27;[38;5;211m[0a10707a]&amp#27;[0m&amp#27;[38;5;176m[XCUITestDriver@3495]&amp#27;[0m Event 'logCaptureStarted' logged at 1727407250023 (08:50:50 GMT+0530 (India Standard Time))
&amp#27;[38;5;211m[0a10707a]&amp#27;[0m&amp#27;[38;5;176m[XCUITestDriver@3495]&amp#27;[0m Setting up simulator
&amp#27;[38;5;211m[0a10707a]&amp#27;[0m&amp#27;[38;5;176m[XCUITestDriver@3495]&amp#27;[0m Setting preferences of A7E9CAB7-8EBC-4BDB-AC09-0B50C1D08DA3 Simulator to {"ConnectHardwareKeyboard":false}
&amp#27;[38;5;211m[0a10707a]&amp#27;[0m&amp#27;[38;5;176m[XCUITestDriver@3495]&amp#27;[0m Setting common Simulator preferences to {"RotateWindowWhenSignaledByGuest":true,"StartLastDeviceOnLaunch":false,"DetachOnWindowClose":false,"AttachBootedOnStart":true,"ConnectHardwareKeyboard":false,"PasteboardAutomaticSync":false}
&amp#27;[38;5;211m[0a10707a]&amp#27;[0m&amp#27;[38;5;176m[XCUITestDriver@3495]&amp#27;[0m Updated A7E9CAB7-8EBC-4BDB-AC09-0B50C1D08DA3 Simulator preferences at '/Users/krishnabros/Library/Preferences/com.apple.iphonesimulator.plist' with {"RotateWindowWhenSignaledByGuest":true,"StartLastDeviceOnLaunch":false,"DetachOnWindowClose":false,"AttachBootedOnStart":true,"ConnectHardwareKeyboard":false,"PasteboardAutomaticSync":false,"DevicePreferences":{"A7E9CAB7-8EBC-4BDB-AC09-0B50C1D08DA3":{"ConnectHardwareKeyboard":false,"SimulatorExternalDisplay":2114,"SimulatorWindowRotationAngle":0,"SimulatorWindowOrientation":"Portrait","SimulatorWindowGeometry":{"0254C961-8D70-4C95-83AA-685BE6964608":{"WindowCenter":"{1242, 464.5}","WindowScale":0.7510330578512396}},"ChromeTint":""}}}
&amp#27;[38;5;211m[0a10707a]&amp#27;[0m&amp#27;[38;5;176m[XCUITestDriver@3495]&amp#27;[0m Got Simulator UI client PID: 1251
&amp#27;[38;5;211m[0a10707a]&amp#27;[0m&amp#27;[38;5;176m[XCUITestDriver@3495]&amp#27;[0m Both Simulator with UDID 'A7E9CAB7-8EBC-4BDB-AC09-0B50C1D08DA3' and the UI client are currently running
&amp#27;[38;5;211m[0a10707a]&amp#27;[0m&amp#27;[38;5;176m[XCUITestDriver@3495]&amp#27;[0m Event 'simStarted' logged at 1727407250225 (08:50:50 GMT+0530 (India Standard Time))
&amp#27;[38;5;211m[0a10707a]&amp#27;[0m&amp#27;[38;5;176m[XCUITestDriver@3495]&amp#27;[0m Verifying application platform
&amp#27;[38;5;211m[0a10707a]&amp#27;[0m&amp#27;[38;5;176m[XCUITestDriver@3495]&amp#27;[0m CFBundleSupportedPlatforms: ["iPhoneSimulator"]
&amp#27;[38;5;211m[0a10707a]&amp#27;[0m&amp#27;[38;5;176m[XCUITestDriver@3495]&amp#27;[0m CFBundleExecutable: "UIKitCatalog"
&amp#27;[38;5;211m[0a10707a]&amp#27;[0m&amp#27;[38;5;176m[XCUITestDriver@3495]&amp#27;[0m /Users/krishnabros/Desktop/Projects/Appium/eclipse-workspace/AppiumFrameworkDesignProject/src/test/java/org/rahulshettyacademy/resources/UIKitCatalog.app/UIKitCatalog: Mach-O 64-bit executable arm64
&amp#27;[38;5;211m[0a10707a]&amp#27;[0m&amp#27;[38;5;176m[XCUITestDriver@3495]&amp#27;[0m App 'com.example.apple-samplecode.UICatalog' is already installed
&amp#27;[38;5;211m[0a10707a]&amp#27;[0m&amp#27;[38;5;176m[XCUITestDriver@3495]&amp#27;[0m Reset requested. Removing app with id 'com.example.apple-samplecode.UICatalog' from the device
&amp#27;[38;5;211m[0a10707a]&amp#27;[0m&amp#27;[38;5;176m[XCUITestDriver@3495]&amp#27;[0m Installing '/Users/krishnabros/Desktop/Projects/Appium/eclipse-workspace/AppiumFrameworkDesignProject//src//test//java//org//rahulshettyacademy//resources//UIKitCatalog.app' on Simulator with UUID 'A7E9CAB7-8EBC-4BDB-AC09-0B50C1D08DA3'...
&amp#27;[38;5;211m[0a10707a]&amp#27;[0m&amp#27;[38;5;176m[XCUITestDriver@3495]&amp#27;[0m Parsed BUILD_DIR configuration value: '/Users/krishnabros/Library/Developer/Xcode/DerivedData/WebDriverAgent-egksfgiofwctmqacbypyavxozyxv/Build/Products'
&amp#27;[38;5;211m[0a10707a]&amp#27;[0m&amp#27;[38;5;176m[XCUITestDriver@3495]&amp#27;[0m Got derived data root: '/Users/krishnabros/Library/Developer/Xcode/DerivedData/WebDriverAgent-egksfgiofwctmqacbypyavxozyxv'
&amp#27;[38;5;211m[0a10707a]&amp#27;[0m&amp#27;[38;5;176m[XCUITestDriver@3495]&amp#27;[0m The app has been successfully installed in 5016ms
&amp#27;[38;5;211m[0a10707a]&amp#27;[0m&amp#27;[38;5;176m[XCUITestDriver@3495]&amp#27;[0m Event 'appInstalled' logged at 1727407256839 (08:50:56 GMT+0530 (India Standard Time))
&amp#27;[38;5;211m[0a10707a]&amp#27;[0m&amp#27;[38;5;176m[XCUITestDriver@3495]&amp#27;[0m No obsolete cached processes from previous WDA sessions listening on port 8100 have been found
&amp#27;[38;5;211m[0a10707a]&amp#27;[0m&amp#27;[38;5;23m[DevCon Factory]&amp#27;[0m Requesting connection for device A7E9CAB7-8EBC-4BDB-AC09-0B50C1D08DA3 on local port 8100
&amp#27;[38;5;211m[0a10707a]&amp#27;[0m&amp#27;[38;5;23m[DevCon Factory]&amp#27;[0m Cached connections count: 0
&amp#27;[38;5;211m[0a10707a]&amp#27;[0m&amp#27;[38;5;23m[DevCon Factory]&amp#27;[0m Successfully requested the connection for A7E9CAB7-8EBC-4BDB-AC09-0B50C1D08DA3:8100
&amp#27;[38;5;211m[0a10707a]&amp#27;[0m&amp#27;[38;5;176m[XCUITestDriver@3495]&amp#27;[0m Starting WebDriverAgent initialization with the synchronization key 'XCUITestDriver'
&amp#27;[38;5;211m[0a10707a]&amp#27;[0m&amp#27;[38;5;151m[WD Proxy]&amp#27;[0m Matched '/status' to command name 'getStatus'
&amp#27;[38;5;211m[0a10707a]&amp#27;[0m&amp#27;[38;5;151m[WD Proxy]&amp#27;[0m Proxying [GET /status] to [GET http://127.0.0.1:8100/status] with no body
&amp#27;[38;5;211m[0a10707a]&amp#27;[0m&amp#27;[38;5;151m[WD Proxy]&amp#27;[0m Got response with status 200: {"value":{"build":{"upgradedAt":"1725839531529","version":"8.9.1","time":"Sep 20 2024 03:41:34","productBundleIdentifier":"com.facebook.WebDriverAgentRunner"},"os":{"testmanagerdVersion":65535,"name":"iOS","sdkVersion":"17.4","version":"17.5"},"device":"iphone","ios":{"simulatorVersion":"17.5","ip":"192.168.29.121"},"message":"WebDriverAgent is ready to accept commands","state":"success","ready":true},"sessionId":null}
&amp#27;[38;5;211m[0a10707a]&amp#27;[0m&amp#27;[38;5;176m[XCUITestDriver@3495]&amp#27;[0m Upgrade timestamp of the currently bundled WDA: 1725839531529
&amp#27;[38;5;211m[0a10707a]&amp#27;[0m&amp#27;[38;5;176m[XCUITestDriver@3495]&amp#27;[0m Upgrade timestamp of the WDA on the device: 1725839531529
&amp#27;[38;5;211m[0a10707a]&amp#27;[0m&amp#27;[38;5;176m[XCUITestDriver@3495]&amp#27;[0m Will reuse previously cached WDA instance at 'http://127.0.0.1:8100/' with 'com.facebook.WebDriverAgentRunner'. Set the wdaLocalPort capability to a value different from 8100 if this is an undesired behavior.
&amp#27;[38;5;211m[0a10707a]&amp#27;[0m&amp#27;[38;5;176m[XCUITestDriver@3495]&amp#27;[0m Trying to start WebDriverAgent 2 times with 10000ms interval
&amp#27;[38;5;211m[0a10707a]&amp#27;[0m&amp#27;[38;5;176m[XCUITestDriver@3495]&amp#27;[0m These values can be customized by changing wdaStartupRetries/wdaStartupRetryInterval capabilities
&amp#27;[38;5;211m[0a10707a]&amp#27;[0m&amp#27;[38;5;176m[XCUITestDriver@3495]&amp#27;[0m Event 'wdaStartAttempted' logged at 1727407256955 (08:50:56 GMT+0530 (India Standard Time))
&amp#27;[38;5;211m[0a10707a]&amp#27;[0m&amp#27;[38;5;176m[XCUITestDriver@3495]&amp#27;[0m Using provided WebdriverAgent at 'http://127.0.0.1:8100/'
&amp#27;[38;5;211m[0a10707a]&amp#27;[0m&amp#27;[38;5;151m[WD Proxy]&amp#27;[0m Matched '/status' to command name 'getStatus'
&amp#27;[38;5;211m[0a10707a]&amp#27;[0m&amp#27;[38;5;151m[WD Proxy]&amp#27;[0m Proxying [GET /status] to [GET http://127.0.0.1:8100/status] with no body
&amp#27;[38;5;211m[0a10707a]&amp#27;[0m&amp#27;[38;5;151m[WD Proxy]&amp#27;[0m Got response with status 200: {"value":{"build":{"upgradedAt":"1725839531529","version":"8.9.1","time":"Sep 20 2024 03:41:34","productBundleIdentifier":"com.facebook.WebDriverAgentRunner"},"os":{"testmanagerdVersion":65535,"name":"iOS","sdkVersion":"17.4","version":"17.5"},"device":"iphone","ios":{"simulatorVersion":"17.5","ip":"192.168.29.121"},"message":"WebDriverAgent is ready to accept commands","state":"success","ready":true},"sessionId":null}
&amp#27;[38;5;211m[0a10707a]&amp#27;[0m&amp#27;[38;5;176m[XCUITestDriver@3495]&amp#27;[0m Event 'wdaSessionAttempted' logged at 1727407256959 (08:50:56 GMT+0530 (India Standard Time))
&amp#27;[38;5;211m[0a10707a]&amp#27;[0m&amp#27;[38;5;176m[XCUITestDriver@3495]&amp#27;[0m Sending createSession command to WDA
&amp#27;[38;5;211m[0a10707a]&amp#27;[0m&amp#27;[38;5;176m[XCUITestDriver@3495]&amp#27;[0m Matched '/session' to command name 'createSession'
&amp#27;[38;5;211m[0a10707a]&amp#27;[0m&amp#27;[38;5;176m[XCUITestDriver@3495]&amp#27;[0m Proxying [POST /session] to [POST http://127.0.0.1:8100/session] with body: {"capabilities":{"firstMatch":[{"bundleId":"com.example.apple-samplecode.UICatalog","arguments":[],"environment":{},"eventloopIdleDelaySec":0,"shouldWaitForQuiescence":true,"shouldUseTestManagerForVisibilityDetection":false,"maxTypingFrequency":60,"shouldUseSingletonTestManager":true,"shouldTerminateApp":true,"forceAppLaunch":true,"useNativeCachingStrategy":true,"forceSimulatorSoftwareKeyboardPresence":true}],"alwaysMatch":{}}}
&amp#27;[38;5;211m[0a10707a]&amp#27;[0m&amp#27;[38;5;176m[XCUITestDriver@3495]&amp#27;[0m Got response with status 200: {"value":{"sessionId":"00351312-F5B8-497D-A59A-DDE809643EC1","capabilities":{"sdkVersion":"17.5","device":"iphone"}},"sessionId":"00351312-F5B8-497D-A59A-DDE809643EC1"}
&amp#27;[38;5;211m[0a10707a]&amp#27;[0m&amp#27;[38;5;176m[XCUITestDriver@3495]&amp#27;[0m Determined the downstream protocol as 'W3C'
&amp#27;[38;5;211m[0a10707a]&amp#27;[0m&amp#27;[38;5;176m[XCUITestDriver@3495]&amp#27;[0m WDA session startup took 2330ms
&amp#27;[38;5;211m[0a10707a]&amp#27;[0m&amp#27;[38;5;176m[XCUITestDriver@3495]&amp#27;[0m Event 'wdaSessionStarted' logged at 1727407259290 (08:50:59 GMT+0530 (India Standard Time))
&amp#27;[38;5;211m[0a10707a]&amp#27;[0m&amp#27;[38;5;176m[XCUITestDriver@3495]&amp#27;[0m Event 'wdaStarted' logged at 1727407259291 (08:50:59 GMT+0530 (India Standard Time))
&amp#27;[38;5;211m[0a10707a]&amp#27;[0m&amp#27;[38;5;123m[BaseDriver]&amp#27;[0m The value of 'elementResponseAttributes' setting did not change. Skipping the update for it
&amp#27;[38;5;211m[0a10707a]&amp#27;[0m&amp#27;[38;5;123m[BaseDriver]&amp#27;[0m The value of 'shouldUseCompactResponses' setting did not change. Skipping the update for it
&amp#27;[38;5;211m[0a10707a]&amp#27;[0m&amp#27;[38;5;75m[AppiumDriver@1f9a]&amp#27;[0m New XCUITestDriver session created successfully, session 0a10707a-bf34-4dba-aaa5-11c15cdd12d2 added to master session list
&amp#27;[38;5;211m[0a10707a]&amp#27;[0m&amp#27;[38;5;75m[AppiumDriver@1f9a]&amp#27;[0m Event 'newSessionStarted' logged at 1727407259295 (08:50:59 GMT+0530 (India Standard Time))
&amp#27;[38;5;211m[0a10707a]&amp#27;[0m&amp#27;[38;5;176m[XCUITestDriver@3495]&amp#27;[0m Cached the protocol value 'W3C' for the new session 0a10707a-bf34-4dba-aaa5-11c15cdd12d2
&amp#27;[38;5;211m[0a10707a]&amp#27;[0m&amp#27;[38;5;176m[XCUITestDriver@3495]&amp#27;[0m Responding to client with driver.createSession() result: {"capabilities":{"webStorageEnabled":false,"locationContextEnabled":false,"browserName":"","platform":"MAC","javascriptEnabled":true,"databaseEnabled":false,"takesScreenshot":true,"networkConnectionEnabled":false,"platformName":"IOS","app":"/Users/krishnabros/Desktop/Projects/Appium/eclipse-workspace/AppiumFrameworkDesignProject//src//test//java//org//rahulshettyacademy//resources//UIKitCatalog.app","automationName":"XCuiTest","deviceName":"iPhone 15 Pro Max","platformVersion":"17.5","wdaLaunchTimeout":20000,"udid":"A7E9CAB7-8EBC-4BDB-AC09-0B50C1D08DA3"}}
&amp#27;[38;5;211m[0a10707a]&amp#27;[0m&amp#27;[38;5;86m[HTTP]&amp#27;[0m <-- POST /session 200 10195 ms - 622 
&amp#27;[38;5;211m[0a10707a]&amp#27;[0m&amp#27;[38;5;86m[HTTP]&amp#27;[0m &amp#27;[37m-->&amp#27;[39m &amp#27;[37mPOST&amp#27;[39m &amp#27;[37m/session/0a10707a-bf34-4dba-aaa5-11c15cdd12d2/timeouts&amp#27;[39m {"implicit":10000}
&amp#27;[38;5;211m[0a10707a]&amp#27;[0m&amp#27;[38;5;176m[XCUITestDriver@3495]&amp#27;[0m Calling AppiumDriver.timeouts() with args: [null,null,null,null,10000,"0a10707a-bf34-4dba-aaa5-11c15cdd12d2"]
&amp#27;[38;5;211m[0a10707a]&amp#27;[0m&amp#27;[38;5;176m[XCUITestDriver@3495]&amp#27;[0m Executing command 'timeouts'
&amp#27;[38;5;211m[0a10707a]&amp#27;[0m&amp#27;[38;5;176m[XCUITestDriver@3495]&amp#27;[0m W3C timeout argument: {"implicit":10000}}
&amp#27;[38;5;211m[0a10707a]&amp#27;[0m&amp#27;[38;5;176m[XCUITestDriver@3495]&amp#27;[0m Set implicit wait to 10000ms
&amp#27;[38;5;211m[0a10707a]&amp#27;[0m&amp#27;[38;5;176m[XCUITestDriver@3495]&amp#27;[0m Responding to client with driver.timeouts() result: null
&amp#27;[38;5;211m[0a10707a]&amp#27;[0m&amp#27;[38;5;86m[HTTP]&amp#27;[0m <-- POST /session/0a10707a-bf34-4dba-aaa5-11c15cdd12d2/timeouts 200 2 ms - 14 
&amp#27;[38;5;211m[0a10707a]&amp#27;[0m&amp#27;[38;5;86m[HTTP]&amp#27;[0m &amp#27;[37m-->&amp#27;[39m &amp#27;[37mGET&amp#27;[39m &amp#27;[37m/session/0a10707a-bf34-4dba-aaa5-11c15cdd12d2/context&amp#27;[39m {}
&amp#27;[38;5;211m[0a10707a]&amp#27;[0m&amp#27;[38;5;176m[XCUITestDriver@3495]&amp#27;[0m Calling AppiumDriver.getCurrentContext() with args: ["0a10707a-bf34-4dba-aaa5-11c15cdd12d2"]
&amp#27;[38;5;211m[0a10707a]&amp#27;[0m&amp#27;[38;5;176m[XCUITestDriver@3495]&amp#27;[0m Executing command 'getCurrentContext'
&amp#27;[38;5;211m[0a10707a]&amp#27;[0m&amp#27;[38;5;176m[XCUITestDriver@3495]&amp#27;[0m Responding to client with driver.getCurrentContext() result: "NATIVE_APP"
&amp#27;[38;5;211m[0a10707a]&amp#27;[0m&amp#27;[38;5;86m[HTTP]&amp#27;[0m <-- GET /session/0a10707a-bf34-4dba-aaa5-11c15cdd12d2/context 200 3 ms - 22 
&amp#27;[38;5;211m[0a10707a]&amp#27;[0m&amp#27;[38;5;86m[HTTP]&amp#27;[0m &amp#27;[37m-->&amp#27;[39m &amp#27;[37mPOST&amp#27;[39m &amp#27;[37m/session/0a10707a-bf34-4dba-aaa5-11c15cdd12d2/element&amp#27;[39m {"using":"accessibility id","value":"Alert Views"}
&amp#27;[38;5;211m[0a10707a]&amp#27;[0m&amp#27;[38;5;176m[XCUITestDriver@3495]&amp#27;[0m Calling AppiumDriver.findElement() with args: ["accessibility id","Alert Views","0a10707a-bf34-4dba-aaa5-11c15cdd12d2"]
&amp#27;[38;5;211m[0a10707a]&amp#27;[0m&amp#27;[38;5;176m[XCUITestDriver@3495]&amp#27;[0m Executing command 'findElement'
&amp#27;[38;5;211m[0a10707a]&amp#27;[0m&amp#27;[38;5;176m[XCUITestDriver@3495]&amp#27;[0m Valid locator strategies for this request: xpath, id, name, class name, -ios predicate string, -ios class chain, accessibility id, css selector
&amp#27;[38;5;211m[0a10707a]&amp#27;[0m&amp#27;[38;5;176m[XCUITestDriver@3495]&amp#27;[0m Waiting up to 10000 ms for condition
&amp#27;[38;5;211m[0a10707a]&amp#27;[0m&amp#27;[38;5;176m[XCUITestDriver@3495]&amp#27;[0m Matched '/element' to command name 'findElement'
&amp#27;[38;5;211m[0a10707a]&amp#27;[0m&amp#27;[38;5;176m[XCUITestDriver@3495]&amp#27;[0m Proxying [POST /element] to [POST http://127.0.0.1:8100/session/00351312-F5B8-497D-A59A-DDE809643EC1/element] with body: {"using":"accessibility id","value":"Alert Views"}
&amp#27;[38;5;211m[0a10707a]&amp#27;[0m&amp#27;[38;5;176m[XCUITestDriver@3495]&amp#27;[0m Got response with status 200: {"value":{"ELEMENT":"29000000-0000-0000-1A5B-000000000000","element-6066-11e4-a52e-4f735466cecf":"29000000-0000-0000-1A5B-000000000000"},"sessionId":"00351312-F5B8-497D-A59A-DDE809643EC1"}
&amp#27;[38;5;211m[0a10707a]&amp#27;[0m&amp#27;[38;5;176m[XCUITestDriver@3495]&amp#27;[0m Responding to client with driver.findElement() result: {"element-6066-11e4-a52e-4f735466cecf":"29000000-0000-0000-1A5B-000000000000","ELEMENT":"29000000-0000-0000-1A5B-000000000000"}
&amp#27;[38;5;211m[0a10707a]&amp#27;[0m&amp#27;[38;5;86m[HTTP]&amp#27;[0m <-- POST /session/0a10707a-bf34-4dba-aaa5-11c15cdd12d2/element 200 227 ms - 137 
&amp#27;[38;5;211m[0a10707a]&amp#27;[0m&amp#27;[38;5;86m[HTTP]&amp#27;[0m &amp#27;[37m-->&amp#27;[39m &amp#27;[37mPOST&amp#27;[39m &amp#27;[37m/session/0a10707a-bf34-4dba-aaa5-11c15cdd12d2/element/29000000-0000-0000-1A5B-000000000000/click&amp#27;[39m {"id":"29000000-0000-0000-1A5B-000000000000"}
&amp#27;[38;5;211m[0a10707a]&amp#27;[0m&amp#27;[38;5;176m[XCUITestDriver@3495]&amp#27;[0m Driver proxy active, passing request on via HTTP proxy
&amp#27;[38;5;211m[0a10707a]&amp#27;[0m&amp#27;[38;5;176m[XCUITestDriver@3495]&amp#27;[0m Executing command 'proxyReqRes'
&amp#27;[38;5;211m[0a10707a]&amp#27;[0m&amp#27;[38;5;176m[XCUITestDriver@3495]&amp#27;[0m Matched '/session/0a10707a-bf34-4dba-aaa5-11c15cdd12d2/element/29000000-0000-0000-1A5B-000000000000/click' to command name 'click'
&amp#27;[38;5;211m[0a10707a]&amp#27;[0m&amp#27;[38;5;176m[XCUITestDriver@3495]&amp#27;[0m Proxying [POST /session/0a10707a-bf34-4dba-aaa5-11c15cdd12d2/element/29000000-0000-0000-1A5B-000000000000/click] to [POST http://127.0.0.1:8100/session/00351312-F5B8-497D-A59A-DDE809643EC1/element/29000000-0000-0000-1A5B-000000000000/click] with body: {"id":"29000000-0000-0000-1A5B-000000000000"}
&amp#27;[38;5;211m[0a10707a]&amp#27;[0m&amp#27;[38;5;176m[XCUITestDriver@3495]&amp#27;[0m Got response with status 200: {"value":null,"sessionId":"00351312-F5B8-497D-A59A-DDE809643EC1"}
&amp#27;[38;5;211m[0a10707a]&amp#27;[0m&amp#27;[38;5;176m[XCUITestDriver@3495]&amp#27;[0m Replacing sessionId 00351312-F5B8-497D-A59A-DDE809643EC1 with 0a10707a-bf34-4dba-aaa5-11c15cdd12d2
&amp#27;[38;5;211m[0a10707a]&amp#27;[0m&amp#27;[38;5;86m[HTTP]&amp#27;[0m <-- POST /session/0a10707a-bf34-4dba-aaa5-11c15cdd12d2/element/29000000-0000-0000-1A5B-000000000000/click 200 827 ms - 65 
&amp#27;[38;5;211m[0a10707a]&amp#27;[0m&amp#27;[38;5;86m[HTTP]&amp#27;[0m &amp#27;[37m-->&amp#27;[39m &amp#27;[37mGET&amp#27;[39m &amp#27;[37m/session/0a10707a-bf34-4dba-aaa5-11c15cdd12d2/context&amp#27;[39m {}
&amp#27;[38;5;211m[0a10707a]&amp#27;[0m&amp#27;[38;5;176m[XCUITestDriver@3495]&amp#27;[0m Calling AppiumDriver.getCurrentContext() with args: ["0a10707a-bf34-4dba-aaa5-11c15cdd12d2"]
&amp#27;[38;5;211m[0a10707a]&amp#27;[0m&amp#27;[38;5;176m[XCUITestDriver@3495]&amp#27;[0m Executing command 'getCurrentContext'
&amp#27;[38;5;211m[0a10707a]&amp#27;[0m&amp#27;[38;5;176m[XCUITestDriver@3495]&amp#27;[0m Responding to client with driver.getCurrentContext() result: "NATIVE_APP"
&amp#27;[38;5;211m[0a10707a]&amp#27;[0m&amp#27;[38;5;86m[HTTP]&amp#27;[0m <-- GET /session/0a10707a-bf34-4dba-aaa5-11c15cdd12d2/context 200 2 ms - 22 
&amp#27;[38;5;211m[0a10707a]&amp#27;[0m&amp#27;[38;5;86m[HTTP]&amp#27;[0m &amp#27;[37m-->&amp#27;[39m &amp#27;[37mPOST&amp#27;[39m &amp#27;[37m/session/0a10707a-bf34-4dba-aaa5-11c15cdd12d2/element&amp#27;[39m {"using":"-ios class chain","value":"**/XCUIElementTypeStaticText[`label == 'Text Entry'`]"}
&amp#27;[38;5;211m[0a10707a]&amp#27;[0m&amp#27;[38;5;176m[XCUITestDriver@3495]&amp#27;[0m Calling AppiumDriver.findElement() with args: ["-ios class chain","**/XCUIElementTypeStaticText[`label == 'Text Entry'`]","0a10707a-bf34-4dba-aaa5-11c15cdd12d2"]
&amp#27;[38;5;211m[0a10707a]&amp#27;[0m&amp#27;[38;5;176m[XCUITestDriver@3495]&amp#27;[0m Executing command 'findElement'
&amp#27;[38;5;211m[0a10707a]&amp#27;[0m&amp#27;[38;5;176m[XCUITestDriver@3495]&amp#27;[0m Valid locator strategies for this request: xpath, id, name, class name, -ios predicate string, -ios class chain, accessibility id, css selector
&amp#27;[38;5;211m[0a10707a]&amp#27;[0m&amp#27;[38;5;176m[XCUITestDriver@3495]&amp#27;[0m Waiting up to 10000 ms for condition
&amp#27;[38;5;211m[0a10707a]&amp#27;[0m&amp#27;[38;5;176m[XCUITestDriver@3495]&amp#27;[0m Matched '/element' to command name 'findElement'
&amp#27;[38;5;211m[0a10707a]&amp#27;[0m&amp#27;[38;5;176m[XCUITestDriver@3495]&amp#27;[0m Proxying [POST /element] to [POST http://127.0.0.1:8100/session/00351312-F5B8-497D-A59A-DDE809643EC1/element] with body: {"using":"class chain","value":"**/XCUIElementTypeStaticText[`label == 'Text Entry'`]"}
&amp#27;[38;5;211m[0a10707a]&amp#27;[0m&amp#27;[38;5;176m[XCUITestDriver@3495]&amp#27;[0m Got response with status 200: {"value":{"ELEMENT":"BB000000-0000-0000-1A5B-000000000000","element-6066-11e4-a52e-4f735466cecf":"BB000000-0000-0000-1A5B-000000000000"},"sessionId":"00351312-F5B8-497D-A59A-DDE809643EC1"}
&amp#27;[38;5;211m[0a10707a]&amp#27;[0m&amp#27;[38;5;176m[XCUITestDriver@3495]&amp#27;[0m Responding to client with driver.findElement() result: {"element-6066-11e4-a52e-4f735466cecf":"BB000000-0000-0000-1A5B-000000000000","ELEMENT":"BB000000-0000-0000-1A5B-000000000000"}
&amp#27;[38;5;211m[0a10707a]&amp#27;[0m&amp#27;[38;5;86m[HTTP]&amp#27;[0m <-- POST /session/0a10707a-bf34-4dba-aaa5-11c15cdd12d2/element 200 119 ms - 137 
&amp#27;[38;5;211m[0a10707a]&amp#27;[0m&amp#27;[38;5;86m[HTTP]&amp#27;[0m &amp#27;[37m-->&amp#27;[39m &amp#27;[37mPOST&amp#27;[39m &amp#27;[37m/session/0a10707a-bf34-4dba-aaa5-11c15cdd12d2/element/BB000000-0000-0000-1A5B-000000000000/click&amp#27;[39m {"id":"BB000000-0000-0000-1A5B-000000000000"}
&amp#27;[38;5;211m[0a10707a]&amp#27;[0m&amp#27;[38;5;176m[XCUITestDriver@3495]&amp#27;[0m Driver proxy active, passing request on via HTTP proxy
&amp#27;[38;5;211m[0a10707a]&amp#27;[0m&amp#27;[38;5;176m[XCUITestDriver@3495]&amp#27;[0m Executing command 'proxyReqRes'
&amp#27;[38;5;211m[0a10707a]&amp#27;[0m&amp#27;[38;5;176m[XCUITestDriver@3495]&amp#27;[0m Matched '/session/0a10707a-bf34-4dba-aaa5-11c15cdd12d2/element/BB000000-0000-0000-1A5B-000000000000/click' to command name 'click'
&amp#27;[38;5;211m[0a10707a]&amp#27;[0m&amp#27;[38;5;176m[XCUITestDriver@3495]&amp#27;[0m Proxying [POST /session/0a10707a-bf34-4dba-aaa5-11c15cdd12d2/element/BB000000-0000-0000-1A5B-000000000000/click] to [POST http://127.0.0.1:8100/session/00351312-F5B8-497D-A59A-DDE809643EC1/element/BB000000-0000-0000-1A5B-000000000000/click] with body: {"id":"BB000000-0000-0000-1A5B-000000000000"}
&amp#27;[38;5;211m[0a10707a]&amp#27;[0m&amp#27;[38;5;176m[XCUITestDriver@3495]&amp#27;[0m Got response with status 200: {"value":null,"sessionId":"00351312-F5B8-497D-A59A-DDE809643EC1"}
&amp#27;[38;5;211m[0a10707a]&amp#27;[0m&amp#27;[38;5;176m[XCUITestDriver@3495]&amp#27;[0m Replacing sessionId 00351312-F5B8-497D-A59A-DDE809643EC1 with 0a10707a-bf34-4dba-aaa5-11c15cdd12d2
&amp#27;[38;5;211m[0a10707a]&amp#27;[0m&amp#27;[38;5;86m[HTTP]&amp#27;[0m <-- POST /session/0a10707a-bf34-4dba-aaa5-11c15cdd12d2/element/BB000000-0000-0000-1A5B-000000000000/click 200 472 ms - 65 
&amp#27;[38;5;211m[0a10707a]&amp#27;[0m&amp#27;[38;5;86m[HTTP]&amp#27;[0m &amp#27;[37m-->&amp#27;[39m &amp#27;[37mGET&amp#27;[39m &amp#27;[37m/session/0a10707a-bf34-4dba-aaa5-11c15cdd12d2/context&amp#27;[39m {}
&amp#27;[38;5;211m[0a10707a]&amp#27;[0m&amp#27;[38;5;176m[XCUITestDriver@3495]&amp#27;[0m Calling AppiumDriver.getCurrentContext() with args: ["0a10707a-bf34-4dba-aaa5-11c15cdd12d2"]
&amp#27;[38;5;211m[0a10707a]&amp#27;[0m&amp#27;[38;5;176m[XCUITestDriver@3495]&amp#27;[0m Executing command 'getCurrentContext'
&amp#27;[38;5;211m[0a10707a]&amp#27;[0m&amp#27;[38;5;176m[XCUITestDriver@3495]&amp#27;[0m Responding to client with driver.getCurrentContext() result: "NATIVE_APP"
&amp#27;[38;5;211m[0a10707a]&amp#27;[0m&amp#27;[38;5;86m[HTTP]&amp#27;[0m <-- GET /session/0a10707a-bf34-4dba-aaa5-11c15cdd12d2/context 200 8 ms - 22 
&amp#27;[38;5;211m[0a10707a]&amp#27;[0m&amp#27;[38;5;86m[HTTP]&amp#27;[0m &amp#27;[37m-->&amp#27;[39m &amp#27;[37mPOST&amp#27;[39m &amp#27;[37m/session/0a10707a-bf34-4dba-aaa5-11c15cdd12d2/element&amp#27;[39m {"using":"-ios class chain","value":"**/XCUIElementTypeCell"}
&amp#27;[38;5;211m[0a10707a]&amp#27;[0m&amp#27;[38;5;176m[XCUITestDriver@3495]&amp#27;[0m Calling AppiumDriver.findElement() with args: ["-ios class chain","**/XCUIElementTypeCell","0a10707a-bf34-4dba-aaa5-11c15cdd12d2"]
&amp#27;[38;5;211m[0a10707a]&amp#27;[0m&amp#27;[38;5;176m[XCUITestDriver@3495]&amp#27;[0m Executing command 'findElement'
&amp#27;[38;5;211m[0a10707a]&amp#27;[0m&amp#27;[38;5;176m[XCUITestDriver@3495]&amp#27;[0m Valid locator strategies for this request: xpath, id, name, class name, -ios predicate string, -ios class chain, accessibility id, css selector
&amp#27;[38;5;211m[0a10707a]&amp#27;[0m&amp#27;[38;5;176m[XCUITestDriver@3495]&amp#27;[0m Waiting up to 10000 ms for condition
&amp#27;[38;5;211m[0a10707a]&amp#27;[0m&amp#27;[38;5;176m[XCUITestDriver@3495]&amp#27;[0m Matched '/element' to command name 'findElement'
&amp#27;[38;5;211m[0a10707a]&amp#27;[0m&amp#27;[38;5;176m[XCUITestDriver@3495]&amp#27;[0m Proxying [POST /element] to [POST http://127.0.0.1:8100/session/00351312-F5B8-497D-A59A-DDE809643EC1/element] with body: {"using":"class chain","value":"**/XCUIElementTypeCell"}
&amp#27;[38;5;211m[0a10707a]&amp#27;[0m&amp#27;[38;5;176m[XCUITestDriver@3495]&amp#27;[0m Got response with status 200: {"value":{"ELEMENT":"A4000000-0000-0000-1A5B-000000000000","element-6066-11e4-a52e-4f735466cecf":"A4000000-0000-0000-1A5B-000000000000"},"sessionId":"00351312-F5B8-497D-A59A-DDE809643EC1"}
&amp#27;[38;5;211m[0a10707a]&amp#27;[0m&amp#27;[38;5;176m[XCUITestDriver@3495]&amp#27;[0m Responding to client with driver.findElement() result: {"element-6066-11e4-a52e-4f735466cecf":"A4000000-0000-0000-1A5B-000000000000","ELEMENT":"A4000000-0000-0000-1A5B-000000000000"}
&amp#27;[38;5;211m[0a10707a]&amp#27;[0m&amp#27;[38;5;86m[HTTP]&amp#27;[0m <-- POST /session/0a10707a-bf34-4dba-aaa5-11c15cdd12d2/element 200 265 ms - 137 
&amp#27;[38;5;211m[0a10707a]&amp#27;[0m&amp#27;[38;5;86m[HTTP]&amp#27;[0m &amp#27;[37m-->&amp#27;[39m &amp#27;[37mPOST&amp#27;[39m &amp#27;[37m/session/0a10707a-bf34-4dba-aaa5-11c15cdd12d2/element/A4000000-0000-0000-1A5B-000000000000/value&amp#27;[39m {"id":"A4000000-0000-0000-1A5B-000000000000","text":"Hello World","value":["H","e","l","l","o"," ","W","o","r","l","d"]}
&amp#27;[38;5;211m[0a10707a]&amp#27;[0m&amp#27;[38;5;176m[XCUITestDriver@3495]&amp#27;[0m Calling AppiumDriver.setValue() with args: [["H","e","l","l","o"," ","W","o","r","l","d"],"A4000000-0000-0000-1A5B-000000000000","0a10707a-bf34-4dba-aaa5-11c15cdd12d2"]
&amp#27;[38;5;211m[0a10707a]&amp#27;[0m&amp#27;[38;5;176m[XCUITestDriver@3495]&amp#27;[0m Executing command 'setValue'
&amp#27;[38;5;211m[0a10707a]&amp#27;[0m&amp#27;[38;5;176m[XCUITestDriver@3495]&amp#27;[0m Matched '/element/A4000000-0000-0000-1A5B-000000000000/value' to command name 'setValue'
&amp#27;[38;5;211m[0a10707a]&amp#27;[0m&amp#27;[38;5;176m[XCUITestDriver@3495]&amp#27;[0m Added 'text' property "Hello World" to 'setValue' request body
&amp#27;[38;5;211m[0a10707a]&amp#27;[0m&amp#27;[38;5;176m[XCUITestDriver@3495]&amp#27;[0m Proxying [POST /element/A4000000-0000-0000-1A5B-000000000000/value] to [POST http://127.0.0.1:8100/session/00351312-F5B8-497D-A59A-DDE809643EC1/element/A4000000-0000-0000-1A5B-000000000000/value] with body: {"value":["H","e","l","l","o"," ","W","o","r","l","d"],"text":"Hello World"}
&amp#27;[38;5;211m[0a10707a]&amp#27;[0m&amp#27;[38;5;176m[XCUITestDriver@3495]&amp#27;[0m Got response with status 200: {"value":null,"sessionId":"00351312-F5B8-497D-A59A-DDE809643EC1"}
&amp#27;[38;5;211m[0a10707a]&amp#27;[0m&amp#27;[38;5;176m[XCUITestDriver@3495]&amp#27;[0m Responding to client with driver.setValue() result: null
&amp#27;[38;5;211m[0a10707a]&amp#27;[0m&amp#27;[38;5;86m[HTTP]&amp#27;[0m <-- POST /session/0a10707a-bf34-4dba-aaa5-11c15cdd12d2/element/A4000000-0000-0000-1A5B-000000000000/value 200 1201 ms - 14 
&amp#27;[38;5;211m[0a10707a]&amp#27;[0m&amp#27;[38;5;86m[HTTP]&amp#27;[0m &amp#27;[37m-->&amp#27;[39m &amp#27;[37mGET&amp#27;[39m &amp#27;[37m/session/0a10707a-bf34-4dba-aaa5-11c15cdd12d2/context&amp#27;[39m {}
&amp#27;[38;5;211m[0a10707a]&amp#27;[0m&amp#27;[38;5;176m[XCUITestDriver@3495]&amp#27;[0m Calling AppiumDriver.getCurrentContext() with args: ["0a10707a-bf34-4dba-aaa5-11c15cdd12d2"]
&amp#27;[38;5;211m[0a10707a]&amp#27;[0m&amp#27;[38;5;176m[XCUITestDriver@3495]&amp#27;[0m Executing command 'getCurrentContext'
&amp#27;[38;5;211m[0a10707a]&amp#27;[0m&amp#27;[38;5;176m[XCUITestDriver@3495]&amp#27;[0m Responding to client with driver.getCurrentContext() result: "NATIVE_APP"
&amp#27;[38;5;211m[0a10707a]&amp#27;[0m&amp#27;[38;5;86m[HTTP]&amp#27;[0m <-- GET /session/0a10707a-bf34-4dba-aaa5-11c15cdd12d2/context 200 4 ms - 22 
&amp#27;[38;5;211m[0a10707a]&amp#27;[0m&amp#27;[38;5;86m[HTTP]&amp#27;[0m &amp#27;[37m-->&amp#27;[39m &amp#27;[37mPOST&amp#27;[39m &amp#27;[37m/session/0a10707a-bf34-4dba-aaa5-11c15cdd12d2/element&amp#27;[39m {"using":"-ios class chain","value":"**/XCUIElementTypeButton[`label == 'OK'`]"}
&amp#27;[38;5;211m[0a10707a]&amp#27;[0m&amp#27;[38;5;176m[XCUITestDriver@3495]&amp#27;[0m Calling AppiumDriver.findElement() with args: ["-ios class chain","**/XCUIElementTypeButton[`label == 'OK'`]","0a10707a-bf34-4dba-aaa5-11c15cdd12d2"]
&amp#27;[38;5;211m[0a10707a]&amp#27;[0m&amp#27;[38;5;176m[XCUITestDriver@3495]&amp#27;[0m Executing command 'findElement'
&amp#27;[38;5;211m[0a10707a]&amp#27;[0m&amp#27;[38;5;176m[XCUITestDriver@3495]&amp#27;[0m Valid locator strategies for this request: xpath, id, name, class name, -ios predicate string, -ios class chain, accessibility id, css selector
&amp#27;[38;5;211m[0a10707a]&amp#27;[0m&amp#27;[38;5;176m[XCUITestDriver@3495]&amp#27;[0m Waiting up to 10000 ms for condition
&amp#27;[38;5;211m[0a10707a]&amp#27;[0m&amp#27;[38;5;176m[XCUITestDriver@3495]&amp#27;[0m Matched '/element' to command name 'findElement'
&amp#27;[38;5;211m[0a10707a]&amp#27;[0m&amp#27;[38;5;176m[XCUITestDriver@3495]&amp#27;[0m Proxying [POST /element] to [POST http://127.0.0.1:8100/session/00351312-F5B8-497D-A59A-DDE809643EC1/element] with body: {"using":"class chain","value":"**/XCUIElementTypeButton[`label == 'OK'`]"}
&amp#27;[38;5;211m[0a10707a]&amp#27;[0m&amp#27;[38;5;176m[XCUITestDriver@3495]&amp#27;[0m Got response with status 200: {"value":{"ELEMENT":"2C010000-0000-0000-1A5B-000000000000","element-6066-11e4-a52e-4f735466cecf":"2C010000-0000-0000-1A5B-000000000000"},"sessionId":"00351312-F5B8-497D-A59A-DDE809643EC1"}
&amp#27;[38;5;211m[0a10707a]&amp#27;[0m&amp#27;[38;5;176m[XCUITestDriver@3495]&amp#27;[0m Responding to client with driver.findElement() result: {"element-6066-11e4-a52e-4f735466cecf":"2C010000-0000-0000-1A5B-000000000000","ELEMENT":"2C010000-0000-0000-1A5B-000000000000"}
&amp#27;[38;5;211m[0a10707a]&amp#27;[0m&amp#27;[38;5;86m[HTTP]&amp#27;[0m <-- POST /session/0a10707a-bf34-4dba-aaa5-11c15cdd12d2/element 200 162 ms - 137 
&amp#27;[38;5;211m[0a10707a]&amp#27;[0m&amp#27;[38;5;86m[HTTP]&amp#27;[0m &amp#27;[37m-->&amp#27;[39m &amp#27;[37mPOST&amp#27;[39m &amp#27;[37m/session/0a10707a-bf34-4dba-aaa5-11c15cdd12d2/element/2C010000-0000-0000-1A5B-000000000000/click&amp#27;[39m {"id":"2C010000-0000-0000-1A5B-000000000000"}
&amp#27;[38;5;211m[0a10707a]&amp#27;[0m&amp#27;[38;5;176m[XCUITestDriver@3495]&amp#27;[0m Driver proxy active, passing request on via HTTP proxy
&amp#27;[38;5;211m[0a10707a]&amp#27;[0m&amp#27;[38;5;176m[XCUITestDriver@3495]&amp#27;[0m Executing command 'proxyReqRes'
&amp#27;[38;5;211m[0a10707a]&amp#27;[0m&amp#27;[38;5;176m[XCUITestDriver@3495]&amp#27;[0m Matched '/session/0a10707a-bf34-4dba-aaa5-11c15cdd12d2/element/2C010000-0000-0000-1A5B-000000000000/click' to command name 'click'
&amp#27;[38;5;211m[0a10707a]&amp#27;[0m&amp#27;[38;5;176m[XCUITestDriver@3495]&amp#27;[0m Proxying [POST /session/0a10707a-bf34-4dba-aaa5-11c15cdd12d2/element/2C010000-0000-0000-1A5B-000000000000/click] to [POST http://127.0.0.1:8100/session/00351312-F5B8-497D-A59A-DDE809643EC1/element/2C010000-0000-0000-1A5B-000000000000/click] with body: {"id":"2C010000-0000-0000-1A5B-000000000000"}
&amp#27;[38;5;211m[0a10707a]&amp#27;[0m&amp#27;[38;5;176m[XCUITestDriver@3495]&amp#27;[0m Got response with status 200: {"value":null,"sessionId":"00351312-F5B8-497D-A59A-DDE809643EC1"}
&amp#27;[38;5;211m[0a10707a]&amp#27;[0m&amp#27;[38;5;176m[XCUITestDriver@3495]&amp#27;[0m Replacing sessionId 00351312-F5B8-497D-A59A-DDE809643EC1 with 0a10707a-bf34-4dba-aaa5-11c15cdd12d2
&amp#27;[38;5;211m[0a10707a]&amp#27;[0m&amp#27;[38;5;86m[HTTP]&amp#27;[0m <-- POST /session/0a10707a-bf34-4dba-aaa5-11c15cdd12d2/element/2C010000-0000-0000-1A5B-000000000000/click 200 749 ms - 65 
&amp#27;[38;5;211m[0a10707a]&amp#27;[0m&amp#27;[38;5;86m[HTTP]&amp#27;[0m &amp#27;[37m-->&amp#27;[39m &amp#27;[37mGET&amp#27;[39m &amp#27;[37m/session/0a10707a-bf34-4dba-aaa5-11c15cdd12d2/context&amp#27;[39m {}
&amp#27;[38;5;211m[0a10707a]&amp#27;[0m&amp#27;[38;5;176m[XCUITestDriver@3495]&amp#27;[0m Calling AppiumDriver.getCurrentContext() with args: ["0a10707a-bf34-4dba-aaa5-11c15cdd12d2"]
&amp#27;[38;5;211m[0a10707a]&amp#27;[0m&amp#27;[38;5;176m[XCUITestDriver@3495]&amp#27;[0m Executing command 'getCurrentContext'
&amp#27;[38;5;211m[0a10707a]&amp#27;[0m&amp#27;[38;5;176m[XCUITestDriver@3495]&amp#27;[0m Responding to client with driver.getCurrentContext() result: "NATIVE_APP"
&amp#27;[38;5;211m[0a10707a]&amp#27;[0m&amp#27;[38;5;86m[HTTP]&amp#27;[0m <-- GET /session/0a10707a-bf34-4dba-aaa5-11c15cdd12d2/context 200 3 ms - 22 
&amp#27;[38;5;211m[0a10707a]&amp#27;[0m&amp#27;[38;5;86m[HTTP]&amp#27;[0m &amp#27;[37m-->&amp#27;[39m &amp#27;[37mPOST&amp#27;[39m &amp#27;[37m/session/0a10707a-bf34-4dba-aaa5-11c15cdd12d2/element&amp#27;[39m {"using":"-ios predicate string","value":"type == 'XCUIElementTypeStaticText' AND value == 'Confirm / Cancel'"}
&amp#27;[38;5;211m[0a10707a]&amp#27;[0m&amp#27;[38;5;176m[XCUITestDriver@3495]&amp#27;[0m Calling AppiumDriver.findElement() with args: ["-ios predicate string","type == 'XCUIElementTypeStaticText' AND value == 'Confirm / Cancel'","0a10707a-bf34-4dba-aaa5-11c15cdd12d2"]
&amp#27;[38;5;211m[0a10707a]&amp#27;[0m&amp#27;[38;5;176m[XCUITestDriver@3495]&amp#27;[0m Executing command 'findElement'
&amp#27;[38;5;211m[0a10707a]&amp#27;[0m&amp#27;[38;5;176m[XCUITestDriver@3495]&amp#27;[0m Valid locator strategies for this request: xpath, id, name, class name, -ios predicate string, -ios class chain, accessibility id, css selector
&amp#27;[38;5;211m[0a10707a]&amp#27;[0m&amp#27;[38;5;176m[XCUITestDriver@3495]&amp#27;[0m Waiting up to 10000 ms for condition
&amp#27;[38;5;211m[0a10707a]&amp#27;[0m&amp#27;[38;5;176m[XCUITestDriver@3495]&amp#27;[0m Matched '/element' to command name 'findElement'
&amp#27;[38;5;211m[0a10707a]&amp#27;[0m&amp#27;[38;5;176m[XCUITestDriver@3495]&amp#27;[0m Proxying [POST /element] to [POST http://127.0.0.1:8100/session/00351312-F5B8-497D-A59A-DDE809643EC1/element] with body: {"using":"predicate string","value":"type == 'XCUIElementTypeStaticText' AND value == 'Confirm / Cancel'"}
&amp#27;[38;5;211m[0a10707a]&amp#27;[0m&amp#27;[38;5;176m[XCUITestDriver@3495]&amp#27;[0m Got response with status 200: {"value":{"ELEMENT":"C5000000-0000-0000-1A5B-000000000000","element-6066-11e4-a52e-4f735466cecf":"C5000000-0000-0000-1A5B-000000000000"},"sessionId":"00351312-F5B8-497D-A59A-DDE809643EC1"}
&amp#27;[38;5;211m[0a10707a]&amp#27;[0m&amp#27;[38;5;176m[XCUITestDriver@3495]&amp#27;[0m Responding to client with driver.findElement() result: {"element-6066-11e4-a52e-4f735466cecf":"C5000000-0000-0000-1A5B-000000000000","ELEMENT":"C5000000-0000-0000-1A5B-000000000000"}
&amp#27;[38;5;211m[0a10707a]&amp#27;[0m&amp#27;[38;5;86m[HTTP]&amp#27;[0m <-- POST /session/0a10707a-bf34-4dba-aaa5-11c15cdd12d2/element 200 99 ms - 137 
&amp#27;[38;5;211m[0a10707a]&amp#27;[0m&amp#27;[38;5;86m[HTTP]&amp#27;[0m &amp#27;[37m-->&amp#27;[39m &amp#27;[37mPOST&amp#27;[39m &amp#27;[37m/session/0a10707a-bf34-4dba-aaa5-11c15cdd12d2/element/C5000000-0000-0000-1A5B-000000000000/click&amp#27;[39m {"id":"C5000000-0000-0000-1A5B-000000000000"}
&amp#27;[38;5;211m[0a10707a]&amp#27;[0m&amp#27;[38;5;176m[XCUITestDriver@3495]&amp#27;[0m Driver proxy active, passing request on via HTTP proxy
&amp#27;[38;5;211m[0a10707a]&amp#27;[0m&amp#27;[38;5;176m[XCUITestDriver@3495]&amp#27;[0m Executing command 'proxyReqRes'
&amp#27;[38;5;211m[0a10707a]&amp#27;[0m&amp#27;[38;5;176m[XCUITestDriver@3495]&amp#27;[0m Matched '/session/0a10707a-bf34-4dba-aaa5-11c15cdd12d2/element/C5000000-0000-0000-1A5B-000000000000/click' to command name 'click'
&amp#27;[38;5;211m[0a10707a]&amp#27;[0m&amp#27;[38;5;176m[XCUITestDriver@3495]&amp#27;[0m Proxying [POST /session/0a10707a-bf34-4dba-aaa5-11c15cdd12d2/element/C5000000-0000-0000-1A5B-000000000000/click] to [POST http://127.0.0.1:8100/session/00351312-F5B8-497D-A59A-DDE809643EC1/element/C5000000-0000-0000-1A5B-000000000000/click] with body: {"id":"C5000000-0000-0000-1A5B-000000000000"}
&amp#27;[38;5;211m[0a10707a]&amp#27;[0m&amp#27;[38;5;176m[XCUITestDriver@3495]&amp#27;[0m Got response with status 200: {"value":null,"sessionId":"00351312-F5B8-497D-A59A-DDE809643EC1"}
&amp#27;[38;5;211m[0a10707a]&amp#27;[0m&amp#27;[38;5;176m[XCUITestDriver@3495]&amp#27;[0m Replacing sessionId 00351312-F5B8-497D-A59A-DDE809643EC1 with 0a10707a-bf34-4dba-aaa5-11c15cdd12d2
&amp#27;[38;5;211m[0a10707a]&amp#27;[0m&amp#27;[38;5;86m[HTTP]&amp#27;[0m <-- POST /session/0a10707a-bf34-4dba-aaa5-11c15cdd12d2/element/C5000000-0000-0000-1A5B-000000000000/click 200 685 ms - 65 
&amp#27;[38;5;211m[0a10707a]&amp#27;[0m&amp#27;[38;5;86m[HTTP]&amp#27;[0m &amp#27;[37m-->&amp#27;[39m &amp#27;[37mGET&amp#27;[39m &amp#27;[37m/session/0a10707a-bf34-4dba-aaa5-11c15cdd12d2/context&amp#27;[39m {}
&amp#27;[38;5;211m[0a10707a]&amp#27;[0m&amp#27;[38;5;176m[XCUITestDriver@3495]&amp#27;[0m Calling AppiumDriver.getCurrentContext() with args: ["0a10707a-bf34-4dba-aaa5-11c15cdd12d2"]
&amp#27;[38;5;211m[0a10707a]&amp#27;[0m&amp#27;[38;5;176m[XCUITestDriver@3495]&amp#27;[0m Executing command 'getCurrentContext'
&amp#27;[38;5;211m[0a10707a]&amp#27;[0m&amp#27;[38;5;176m[XCUITestDriver@3495]&amp#27;[0m Responding to client with driver.getCurrentContext() result: "NATIVE_APP"
&amp#27;[38;5;211m[0a10707a]&amp#27;[0m&amp#27;[38;5;86m[HTTP]&amp#27;[0m <-- GET /session/0a10707a-bf34-4dba-aaa5-11c15cdd12d2/context 200 2 ms - 22 
&amp#27;[38;5;211m[0a10707a]&amp#27;[0m&amp#27;[38;5;86m[HTTP]&amp#27;[0m &amp#27;[37m-->&amp#27;[39m &amp#27;[37mPOST&amp#27;[39m &amp#27;[37m/session/0a10707a-bf34-4dba-aaa5-11c15cdd12d2/element&amp#27;[39m {"using":"-ios predicate string","value":"name BEGINSWITH[c] 'a message'"}
&amp#27;[38;5;211m[0a10707a]&amp#27;[0m&amp#27;[38;5;176m[XCUITestDriver@3495]&amp#27;[0m Calling AppiumDriver.findElement() with args: ["-ios predicate string","name BEGINSWITH[c] 'a message'","0a10707a-bf34-4dba-aaa5-11c15cdd12d2"]
&amp#27;[38;5;211m[0a10707a]&amp#27;[0m&amp#27;[38;5;176m[XCUITestDriver@3495]&amp#27;[0m Executing command 'findElement'
&amp#27;[38;5;211m[0a10707a]&amp#27;[0m&amp#27;[38;5;176m[XCUITestDriver@3495]&amp#27;[0m Valid locator strategies for this request: xpath, id, name, class name, -ios predicate string, -ios class chain, accessibility id, css selector
&amp#27;[38;5;211m[0a10707a]&amp#27;[0m&amp#27;[38;5;176m[XCUITestDriver@3495]&amp#27;[0m Waiting up to 10000 ms for condition
&amp#27;[38;5;211m[0a10707a]&amp#27;[0m&amp#27;[38;5;176m[XCUITestDriver@3495]&amp#27;[0m Matched '/element' to command name 'findElement'
&amp#27;[38;5;211m[0a10707a]&amp#27;[0m&amp#27;[38;5;176m[XCUITestDriver@3495]&amp#27;[0m Proxying [POST /element] to [POST http://127.0.0.1:8100/session/00351312-F5B8-497D-A59A-DDE809643EC1/element] with body: {"using":"predicate string","value":"name BEGINSWITH[c] 'a message'"}
&amp#27;[38;5;211m[0a10707a]&amp#27;[0m&amp#27;[38;5;176m[XCUITestDriver@3495]&amp#27;[0m Got response with status 200: {"value":{"ELEMENT":"60010000-0000-0000-1A5B-000000000000","element-6066-11e4-a52e-4f735466cecf":"60010000-0000-0000-1A5B-000000000000"},"sessionId":"00351312-F5B8-497D-A59A-DDE809643EC1"}
&amp#27;[38;5;211m[0a10707a]&amp#27;[0m&amp#27;[38;5;176m[XCUITestDriver@3495]&amp#27;[0m Responding to client with driver.findElement() result: {"element-6066-11e4-a52e-4f735466cecf":"60010000-0000-0000-1A5B-000000000000","ELEMENT":"60010000-0000-0000-1A5B-000000000000"}
&amp#27;[38;5;211m[0a10707a]&amp#27;[0m&amp#27;[38;5;86m[HTTP]&amp#27;[0m <-- POST /session/0a10707a-bf34-4dba-aaa5-11c15cdd12d2/element 200 105 ms - 137 
&amp#27;[38;5;211m[0a10707a]&amp#27;[0m&amp#27;[38;5;86m[HTTP]&amp#27;[0m &amp#27;[37m-->&amp#27;[39m &amp#27;[37mGET&amp#27;[39m &amp#27;[37m/session/0a10707a-bf34-4dba-aaa5-11c15cdd12d2/element/60010000-0000-0000-1A5B-000000000000/text&amp#27;[39m {}
&amp#27;[38;5;211m[0a10707a]&amp#27;[0m&amp#27;[38;5;176m[XCUITestDriver@3495]&amp#27;[0m Driver proxy active, passing request on via HTTP proxy
&amp#27;[38;5;211m[0a10707a]&amp#27;[0m&amp#27;[38;5;176m[XCUITestDriver@3495]&amp#27;[0m Executing command 'proxyReqRes'
&amp#27;[38;5;211m[0a10707a]&amp#27;[0m&amp#27;[38;5;176m[XCUITestDriver@3495]&amp#27;[0m Matched '/session/0a10707a-bf34-4dba-aaa5-11c15cdd12d2/element/60010000-0000-0000-1A5B-000000000000/text' to command name 'getText'
&amp#27;[38;5;211m[0a10707a]&amp#27;[0m&amp#27;[38;5;176m[XCUITestDriver@3495]&amp#27;[0m Proxying [GET /session/0a10707a-bf34-4dba-aaa5-11c15cdd12d2/element/60010000-0000-0000-1A5B-000000000000/text] to [GET http://127.0.0.1:8100/session/00351312-F5B8-497D-A59A-DDE809643EC1/element/60010000-0000-0000-1A5B-000000000000/text] with no body
&amp#27;[38;5;211m[0a10707a]&amp#27;[0m&amp#27;[38;5;176m[XCUITestDriver@3495]&amp#27;[0m Got response with status 200: {"value":"A message should be a short, complete sentence.","sessionId":"00351312-F5B8-497D-A59A-DDE809643EC1"}
&amp#27;[38;5;211m[0a10707a]&amp#27;[0m&amp#27;[38;5;176m[XCUITestDriver@3495]&amp#27;[0m Replacing sessionId 00351312-F5B8-497D-A59A-DDE809643EC1 with 0a10707a-bf34-4dba-aaa5-11c15cdd12d2
&amp#27;[38;5;211m[0a10707a]&amp#27;[0m&amp#27;[38;5;86m[HTTP]&amp#27;[0m <-- GET /session/0a10707a-bf34-4dba-aaa5-11c15cdd12d2/element/60010000-0000-0000-1A5B-000000000000/text 200 51 ms - 110 
&amp#27;[38;5;211m[0a10707a]&amp#27;[0m&amp#27;[38;5;86m[HTTP]&amp#27;[0m &amp#27;[37m-->&amp#27;[39m &amp#27;[37mGET&amp#27;[39m &amp#27;[37m/session/0a10707a-bf34-4dba-aaa5-11c15cdd12d2/context&amp#27;[39m {}
&amp#27;[38;5;211m[0a10707a]&amp#27;[0m&amp#27;[38;5;176m[XCUITestDriver@3495]&amp#27;[0m Calling AppiumDriver.getCurrentContext() with args: ["0a10707a-bf34-4dba-aaa5-11c15cdd12d2"]
&amp#27;[38;5;211m[0a10707a]&amp#27;[0m&amp#27;[38;5;176m[XCUITestDriver@3495]&amp#27;[0m Executing command 'getCurrentContext'
&amp#27;[38;5;211m[0a10707a]&amp#27;[0m&amp#27;[38;5;176m[XCUITestDriver@3495]&amp#27;[0m Responding to client with driver.getCurrentContext() result: "NATIVE_APP"
&amp#27;[38;5;211m[0a10707a]&amp#27;[0m&amp#27;[38;5;86m[HTTP]&amp#27;[0m <-- GET /session/0a10707a-bf34-4dba-aaa5-11c15cdd12d2/context 200 2 ms - 22 
&amp#27;[38;5;211m[0a10707a]&amp#27;[0m&amp#27;[38;5;86m[HTTP]&amp#27;[0m &amp#27;[37m-->&amp#27;[39m &amp#27;[37mPOST&amp#27;[39m &amp#27;[37m/session/0a10707a-bf34-4dba-aaa5-11c15cdd12d2/element&amp#27;[39m {"using":"-ios predicate string","value":"label == 'Confirm'"}
&amp#27;[38;5;211m[0a10707a]&amp#27;[0m&amp#27;[38;5;176m[XCUITestDriver@3495]&amp#27;[0m Calling AppiumDriver.findElement() with args: ["-ios predicate string","label == 'Confirm'","0a10707a-bf34-4dba-aaa5-11c15cdd12d2"]
&amp#27;[38;5;211m[0a10707a]&amp#27;[0m&amp#27;[38;5;176m[XCUITestDriver@3495]&amp#27;[0m Executing command 'findElement'
&amp#27;[38;5;211m[0a10707a]&amp#27;[0m&amp#27;[38;5;176m[XCUITestDriver@3495]&amp#27;[0m Valid locator strategies for this request: xpath, id, name, class name, -ios predicate string, -ios class chain, accessibility id, css selector
&amp#27;[38;5;211m[0a10707a]&amp#27;[0m&amp#27;[38;5;176m[XCUITestDriver@3495]&amp#27;[0m Waiting up to 10000 ms for condition
&amp#27;[38;5;211m[0a10707a]&amp#27;[0m&amp#27;[38;5;176m[XCUITestDriver@3495]&amp#27;[0m Matched '/element' to command name 'findElement'
&amp#27;[38;5;211m[0a10707a]&amp#27;[0m&amp#27;[38;5;176m[XCUITestDriver@3495]&amp#27;[0m Proxying [POST /element] to [POST http://127.0.0.1:8100/session/00351312-F5B8-497D-A59A-DDE809643EC1/element] with body: {"using":"predicate string","value":"label == 'Confirm'"}
&amp#27;[38;5;211m[0a10707a]&amp#27;[0m&amp#27;[38;5;176m[XCUITestDriver@3495]&amp#27;[0m Got response with status 200: {"value":{"ELEMENT":"61010000-0000-0000-1A5B-000000000000","element-6066-11e4-a52e-4f735466cecf":"61010000-0000-0000-1A5B-000000000000"},"sessionId":"00351312-F5B8-497D-A59A-DDE809643EC1"}
&amp#27;[38;5;211m[0a10707a]&amp#27;[0m&amp#27;[38;5;176m[XCUITestDriver@3495]&amp#27;[0m Responding to client with driver.findElement() result: {"element-6066-11e4-a52e-4f735466cecf":"61010000-0000-0000-1A5B-000000000000","ELEMENT":"61010000-0000-0000-1A5B-000000000000"}
&amp#27;[38;5;211m[0a10707a]&amp#27;[0m&amp#27;[38;5;86m[HTTP]&amp#27;[0m <-- POST /session/0a10707a-bf34-4dba-aaa5-11c15cdd12d2/element 200 95 ms - 137 
&amp#27;[38;5;211m[0a10707a]&amp#27;[0m&amp#27;[38;5;86m[HTTP]&amp#27;[0m &amp#27;[37m-->&amp#27;[39m &amp#27;[37mPOST&amp#27;[39m &amp#27;[37m/session/0a10707a-bf34-4dba-aaa5-11c15cdd12d2/element/61010000-0000-0000-1A5B-000000000000/click&amp#27;[39m {"id":"61010000-0000-0000-1A5B-000000000000"}
&amp#27;[38;5;211m[0a10707a]&amp#27;[0m&amp#27;[38;5;176m[XCUITestDriver@3495]&amp#27;[0m Driver proxy active, passing request on via HTTP proxy
&amp#27;[38;5;211m[0a10707a]&amp#27;[0m&amp#27;[38;5;176m[XCUITestDriver@3495]&amp#27;[0m Executing command 'proxyReqRes'
&amp#27;[38;5;211m[0a10707a]&amp#27;[0m&amp#27;[38;5;176m[XCUITestDriver@3495]&amp#27;[0m Matched '/session/0a10707a-bf34-4dba-aaa5-11c15cdd12d2/element/61010000-0000-0000-1A5B-000000000000/click' to command name 'click'
&amp#27;[38;5;211m[0a10707a]&amp#27;[0m&amp#27;[38;5;176m[XCUITestDriver@3495]&amp#27;[0m Proxying [POST /session/0a10707a-bf34-4dba-aaa5-11c15cdd12d2/element/61010000-0000-0000-1A5B-000000000000/click] to [POST http://127.0.0.1:8100/session/00351312-F5B8-497D-A59A-DDE809643EC1/element/61010000-0000-0000-1A5B-000000000000/click] with body: {"id":"61010000-0000-0000-1A5B-000000000000"}
&amp#27;[38;5;211m[0a10707a]&amp#27;[0m&amp#27;[38;5;176m[XCUITestDriver@3495]&amp#27;[0m Got response with status 200: {"value":null,"sessionId":"00351312-F5B8-497D-A59A-DDE809643EC1"}
&amp#27;[38;5;211m[0a10707a]&amp#27;[0m&amp#27;[38;5;176m[XCUITestDriver@3495]&amp#27;[0m Replacing sessionId 00351312-F5B8-497D-A59A-DDE809643EC1 with 0a10707a-bf34-4dba-aaa5-11c15cdd12d2
&amp#27;[38;5;211m[0a10707a]&amp#27;[0m&amp#27;[38;5;86m[HTTP]&amp#27;[0m <-- POST /session/0a10707a-bf34-4dba-aaa5-11c15cdd12d2/element/61010000-0000-0000-1A5B-000000000000/click 200 602 ms - 65 
]]></system-out>
  </testcase>
</testsuite>